CRITICAL - 2023-06-24 16:00:12 --> Undefined variable $users
in APPPATH\Views\pages\admin\dashboard.php on line 52.
 1 APPPATH\Views\pages\admin\dashboard.php(52): CodeIgniter\Debug\Exceptions->errorHandler(2, 'Undefined variable $users', 'C:\\xampp\\htdocs\\melody\\app\\Views\\pages\\admin\\dashboard.php', 52)
 2 SYSTEMPATH\View\View.php(213): include('C:\\xampp\\htdocs\\melody\\app\\Views\\pages\\admin\\dashboard.php')
 3 SYSTEMPATH\View\View.php(216): CodeIgniter\View\View->CodeIgniter\View\{closure}()
 4 SYSTEMPATH\Common.php(1184): CodeIgniter\View\View->render('pages/admin/dashboard', [], true)
 5 APPPATH\Controllers\LoginController.php(42): view('pages/admin/dashboard')
 6 SYSTEMPATH\CodeIgniter.php(934): App\Controllers\LoginController->profile()
 7 SYSTEMPATH\CodeIgniter.php(499): CodeIgniter\CodeIgniter->runController(Object(App\Controllers\LoginController))
 8 SYSTEMPATH\CodeIgniter.php(368): CodeIgniter\CodeIgniter->handleRequest(null, Object(Config\Cache), false)
 9 FCPATH\index.php(67): CodeIgniter\CodeIgniter->run()
CRITICAL - 2023-06-24 16:00:14 --> Undefined variable $title
in APPPATH\Views\components\navbar.php on line 24.
 1 APPPATH\Views\components\navbar.php(24): CodeIgniter\Debug\Exceptions->errorHandler(2, 'Undefined variable $title', 'C:\\xampp\\htdocs\\melody\\app\\Views\\components\\navbar.php', 24)
 2 APPPATH\Views\pages\admin\dashboard.php(27): include('C:\\xampp\\htdocs\\melody\\app\\Views\\components\\navbar.php')
 3 SYSTEMPATH\View\View.php(213): include('C:\\xampp\\htdocs\\melody\\app\\Views\\pages\\admin\\dashboard.php')
 4 SYSTEMPATH\View\View.php(216): CodeIgniter\View\View->CodeIgniter\View\{closure}()
 5 SYSTEMPATH\Common.php(1184): CodeIgniter\View\View->render('pages/admin/dashboard', [], true)
 6 APPPATH\Controllers\UserCrud.php(14): view('pages/admin/dashboard', [...])
 7 SYSTEMPATH\CodeIgniter.php(934): App\Controllers\UserCrud->index()
 8 SYSTEMPATH\CodeIgniter.php(499): CodeIgniter\CodeIgniter->runController(Object(App\Controllers\UserCrud))
 9 SYSTEMPATH\CodeIgniter.php(368): CodeIgniter\CodeIgniter->handleRequest(null, Object(Config\Cache), false)
10 FCPATH\index.php(67): CodeIgniter\CodeIgniter->run()
CRITICAL - 2023-06-24 16:00:16 --> Undefined variable $users
in APPPATH\Views\pages\admin\dashboard.php on line 52.
 1 APPPATH\Views\pages\admin\dashboard.php(52): CodeIgniter\Debug\Exceptions->errorHandler(2, 'Undefined variable $users', 'C:\\xampp\\htdocs\\melody\\app\\Views\\pages\\admin\\dashboard.php', 52)
 2 SYSTEMPATH\View\View.php(213): include('C:\\xampp\\htdocs\\melody\\app\\Views\\pages\\admin\\dashboard.php')
 3 SYSTEMPATH\View\View.php(216): CodeIgniter\View\View->CodeIgniter\View\{closure}()
 4 SYSTEMPATH\Common.php(1184): CodeIgniter\View\View->render('pages/admin/dashboard', [], true)
 5 APPPATH\Controllers\LoginController.php(42): view('pages/admin/dashboard')
 6 SYSTEMPATH\CodeIgniter.php(934): App\Controllers\LoginController->profile()
 7 SYSTEMPATH\CodeIgniter.php(499): CodeIgniter\CodeIgniter->runController(Object(App\Controllers\LoginController))
 8 SYSTEMPATH\CodeIgniter.php(368): CodeIgniter\CodeIgniter->handleRequest(null, Object(Config\Cache), false)
 9 FCPATH\index.php(67): CodeIgniter\CodeIgniter->run()
CRITICAL - 2023-06-24 16:00:18 --> Undefined variable $title
in APPPATH\Views\components\navbar.php on line 24.
 1 APPPATH\Views\components\navbar.php(24): CodeIgniter\Debug\Exceptions->errorHandler(2, 'Undefined variable $title', 'C:\\xampp\\htdocs\\melody\\app\\Views\\components\\navbar.php', 24)
 2 APPPATH\Views\pages\admin\dashboard.php(27): include('C:\\xampp\\htdocs\\melody\\app\\Views\\components\\navbar.php')
 3 SYSTEMPATH\View\View.php(213): include('C:\\xampp\\htdocs\\melody\\app\\Views\\pages\\admin\\dashboard.php')
 4 SYSTEMPATH\View\View.php(216): CodeIgniter\View\View->CodeIgniter\View\{closure}()
 5 SYSTEMPATH\Common.php(1184): CodeIgniter\View\View->render('pages/admin/dashboard', [], true)
 6 APPPATH\Controllers\UserCrud.php(14): view('pages/admin/dashboard', [...])
 7 SYSTEMPATH\CodeIgniter.php(934): App\Controllers\UserCrud->index()
 8 SYSTEMPATH\CodeIgniter.php(499): CodeIgniter\CodeIgniter->runController(Object(App\Controllers\UserCrud))
 9 SYSTEMPATH\CodeIgniter.php(368): CodeIgniter\CodeIgniter->handleRequest(null, Object(Config\Cache), false)
10 FCPATH\index.php(67): CodeIgniter\CodeIgniter->run()
CRITICAL - 2023-06-24 16:00:20 --> Undefined variable $users
in APPPATH\Views\pages\admin\dashboard.php on line 52.
 1 APPPATH\Views\pages\admin\dashboard.php(52): CodeIgniter\Debug\Exceptions->errorHandler(2, 'Undefined variable $users', 'C:\\xampp\\htdocs\\melody\\app\\Views\\pages\\admin\\dashboard.php', 52)
 2 SYSTEMPATH\View\View.php(213): include('C:\\xampp\\htdocs\\melody\\app\\Views\\pages\\admin\\dashboard.php')
 3 SYSTEMPATH\View\View.php(216): CodeIgniter\View\View->CodeIgniter\View\{closure}()
 4 SYSTEMPATH\Common.php(1184): CodeIgniter\View\View->render('pages/admin/dashboard', [], true)
 5 APPPATH\Controllers\LoginController.php(42): view('pages/admin/dashboard')
 6 SYSTEMPATH\CodeIgniter.php(934): App\Controllers\LoginController->profile()
 7 SYSTEMPATH\CodeIgniter.php(499): CodeIgniter\CodeIgniter->runController(Object(App\Controllers\LoginController))
 8 SYSTEMPATH\CodeIgniter.php(368): CodeIgniter\CodeIgniter->handleRequest(null, Object(Config\Cache), false)
 9 FCPATH\index.php(67): CodeIgniter\CodeIgniter->run()
CRITICAL - 2023-06-24 16:00:22 --> Undefined variable $title
in APPPATH\Views\components\navbar.php on line 24.
 1 APPPATH\Views\components\navbar.php(24): CodeIgniter\Debug\Exceptions->errorHandler(2, 'Undefined variable $title', 'C:\\xampp\\htdocs\\melody\\app\\Views\\components\\navbar.php', 24)
 2 APPPATH\Views\pages\admin\dashboard.php(27): include('C:\\xampp\\htdocs\\melody\\app\\Views\\components\\navbar.php')
 3 SYSTEMPATH\View\View.php(213): include('C:\\xampp\\htdocs\\melody\\app\\Views\\pages\\admin\\dashboard.php')
 4 SYSTEMPATH\View\View.php(216): CodeIgniter\View\View->CodeIgniter\View\{closure}()
 5 SYSTEMPATH\Common.php(1184): CodeIgniter\View\View->render('pages/admin/dashboard', [], true)
 6 APPPATH\Controllers\UserCrud.php(14): view('pages/admin/dashboard', [...])
 7 SYSTEMPATH\CodeIgniter.php(934): App\Controllers\UserCrud->index()
 8 SYSTEMPATH\CodeIgniter.php(499): CodeIgniter\CodeIgniter->runController(Object(App\Controllers\UserCrud))
 9 SYSTEMPATH\CodeIgniter.php(368): CodeIgniter\CodeIgniter->handleRequest(null, Object(Config\Cache), false)
10 FCPATH\index.php(67): CodeIgniter\CodeIgniter->run()
CRITICAL - 2023-06-24 16:00:24 --> Undefined variable $users
in APPPATH\Views\pages\admin\dashboard.php on line 52.
 1 APPPATH\Views\pages\admin\dashboard.php(52): CodeIgniter\Debug\Exceptions->errorHandler(2, 'Undefined variable $users', 'C:\\xampp\\htdocs\\melody\\app\\Views\\pages\\admin\\dashboard.php', 52)
 2 SYSTEMPATH\View\View.php(213): include('C:\\xampp\\htdocs\\melody\\app\\Views\\pages\\admin\\dashboard.php')
 3 SYSTEMPATH\View\View.php(216): CodeIgniter\View\View->CodeIgniter\View\{closure}()
 4 SYSTEMPATH\Common.php(1184): CodeIgniter\View\View->render('pages/admin/dashboard', [], true)
 5 APPPATH\Controllers\LoginController.php(42): view('pages/admin/dashboard')
 6 SYSTEMPATH\CodeIgniter.php(934): App\Controllers\LoginController->profile()
 7 SYSTEMPATH\CodeIgniter.php(499): CodeIgniter\CodeIgniter->runController(Object(App\Controllers\LoginController))
 8 SYSTEMPATH\CodeIgniter.php(368): CodeIgniter\CodeIgniter->handleRequest(null, Object(Config\Cache), false)
 9 FCPATH\index.php(67): CodeIgniter\CodeIgniter->run()
CRITICAL - 2023-06-24 16:00:25 --> Undefined variable $title
in APPPATH\Views\components\navbar.php on line 24.
 1 APPPATH\Views\components\navbar.php(24): CodeIgniter\Debug\Exceptions->errorHandler(2, 'Undefined variable $title', 'C:\\xampp\\htdocs\\melody\\app\\Views\\components\\navbar.php', 24)
 2 APPPATH\Views\pages\admin\dashboard.php(27): include('C:\\xampp\\htdocs\\melody\\app\\Views\\components\\navbar.php')
 3 SYSTEMPATH\View\View.php(213): include('C:\\xampp\\htdocs\\melody\\app\\Views\\pages\\admin\\dashboard.php')
 4 SYSTEMPATH\View\View.php(216): CodeIgniter\View\View->CodeIgniter\View\{closure}()
 5 SYSTEMPATH\Common.php(1184): CodeIgniter\View\View->render('pages/admin/dashboard', [], true)
 6 APPPATH\Controllers\UserCrud.php(14): view('pages/admin/dashboard', [...])
 7 SYSTEMPATH\CodeIgniter.php(934): App\Controllers\UserCrud->index()
 8 SYSTEMPATH\CodeIgniter.php(499): CodeIgniter\CodeIgniter->runController(Object(App\Controllers\UserCrud))
 9 SYSTEMPATH\CodeIgniter.php(368): CodeIgniter\CodeIgniter->handleRequest(null, Object(Config\Cache), false)
10 FCPATH\index.php(67): CodeIgniter\CodeIgniter->run()
CRITICAL - 2023-06-24 16:00:27 --> Undefined variable $users
in APPPATH\Views\pages\admin\dashboard.php on line 52.
 1 APPPATH\Views\pages\admin\dashboard.php(52): CodeIgniter\Debug\Exceptions->errorHandler(2, 'Undefined variable $users', 'C:\\xampp\\htdocs\\melody\\app\\Views\\pages\\admin\\dashboard.php', 52)
 2 SYSTEMPATH\View\View.php(213): include('C:\\xampp\\htdocs\\melody\\app\\Views\\pages\\admin\\dashboard.php')
 3 SYSTEMPATH\View\View.php(216): CodeIgniter\View\View->CodeIgniter\View\{closure}()
 4 SYSTEMPATH\Common.php(1184): CodeIgniter\View\View->render('pages/admin/dashboard', [], true)
 5 APPPATH\Controllers\LoginController.php(42): view('pages/admin/dashboard')
 6 SYSTEMPATH\CodeIgniter.php(934): App\Controllers\LoginController->profile()
 7 SYSTEMPATH\CodeIgniter.php(499): CodeIgniter\CodeIgniter->runController(Object(App\Controllers\LoginController))
 8 SYSTEMPATH\CodeIgniter.php(368): CodeIgniter\CodeIgniter->handleRequest(null, Object(Config\Cache), false)
 9 FCPATH\index.php(67): CodeIgniter\CodeIgniter->run()
CRITICAL - 2023-06-24 16:00:27 --> Undefined variable $users
in APPPATH\Views\pages\admin\dashboard.php on line 52.
 1 APPPATH\Views\pages\admin\dashboard.php(52): CodeIgniter\Debug\Exceptions->errorHandler(2, 'Undefined variable $users', 'C:\\xampp\\htdocs\\melody\\app\\Views\\pages\\admin\\dashboard.php', 52)
 2 SYSTEMPATH\View\View.php(213): include('C:\\xampp\\htdocs\\melody\\app\\Views\\pages\\admin\\dashboard.php')
 3 SYSTEMPATH\View\View.php(216): CodeIgniter\View\View->CodeIgniter\View\{closure}()
 4 SYSTEMPATH\Common.php(1184): CodeIgniter\View\View->render('pages/admin/dashboard', [], true)
 5 APPPATH\Controllers\LoginController.php(42): view('pages/admin/dashboard')
 6 SYSTEMPATH\CodeIgniter.php(934): App\Controllers\LoginController->profile()
 7 SYSTEMPATH\CodeIgniter.php(499): CodeIgniter\CodeIgniter->runController(Object(App\Controllers\LoginController))
 8 SYSTEMPATH\CodeIgniter.php(368): CodeIgniter\CodeIgniter->handleRequest(null, Object(Config\Cache), false)
 9 FCPATH\index.php(67): CodeIgniter\CodeIgniter->run()
