CRITICAL - 2023-06-18 09:31:55 --> Undefined variable $session
in APPPATH\Controllers\LoginController.php on line 32.
 1 APPPATH\Controllers\LoginController.php(32): CodeIgniter\Debug\Exceptions->errorHandler(2, 'Undefined variable $session', 'C:\\xampp\\htdocs\\melody\\app\\Controllers\\LoginController.php', 32)
 2 SYSTEMPATH\CodeIgniter.php(934): App\Controllers\LoginController->loginProcess()
 3 SYSTEMPATH\CodeIgniter.php(499): CodeIgniter\CodeIgniter->runController(Object(App\Controllers\LoginController))
 4 SYSTEMPATH\CodeIgniter.php(368): CodeIgniter\CodeIgniter->handleRequest(null, Object(Config\Cache), false)
 5 FCPATH\index.php(67): CodeIgniter\CodeIgniter->run()
CRITICAL - 2023-06-18 09:32:23 --> Undefined variable $session
in APPPATH\Controllers\LoginController.php on line 32.
 1 APPPATH\Controllers\LoginController.php(32): CodeIgniter\Debug\Exceptions->errorHandler(2, 'Undefined variable $session', 'C:\\xampp\\htdocs\\melody\\app\\Controllers\\LoginController.php', 32)
 2 SYSTEMPATH\CodeIgniter.php(934): App\Controllers\LoginController->loginProcess()
 3 SYSTEMPATH\CodeIgniter.php(499): CodeIgniter\CodeIgniter->runController(Object(App\Controllers\LoginController))
 4 SYSTEMPATH\CodeIgniter.php(368): CodeIgniter\CodeIgniter->handleRequest(null, Object(Config\Cache), false)
 5 FCPATH\index.php(67): CodeIgniter\CodeIgniter->run()
CRITICAL - 2023-06-18 09:50:04 --> syntax error, unexpected token "echo", expecting "," or ";"
in APPPATH\Views\components\navbar.php on line 22.
 1 SYSTEMPATH\View\View.php(213): include()
 2 SYSTEMPATH\View\View.php(216): CodeIgniter\View\View->CodeIgniter\View\{closure}()
 3 SYSTEMPATH\Common.php(1184): CodeIgniter\View\View->render('pages/user/profile', [], true)
 4 APPPATH\Controllers\UserCrud.php(21): view('pages/user/profile', [...])
 5 SYSTEMPATH\CodeIgniter.php(934): App\Controllers\UserCrud->profile()
 6 SYSTEMPATH\CodeIgniter.php(499): CodeIgniter\CodeIgniter->runController(Object(App\Controllers\UserCrud))
 7 SYSTEMPATH\CodeIgniter.php(368): CodeIgniter\CodeIgniter->handleRequest(null, Object(Config\Cache), false)
 8 FCPATH\index.php(67): CodeIgniter\CodeIgniter->run()
CRITICAL - 2023-06-18 09:50:09 --> syntax error, unexpected token "echo", expecting "," or ";"
in APPPATH\Views\components\navbar.php on line 22.
 1 SYSTEMPATH\View\View.php(213): include()
 2 SYSTEMPATH\View\View.php(216): CodeIgniter\View\View->CodeIgniter\View\{closure}()
 3 SYSTEMPATH\Common.php(1184): CodeIgniter\View\View->render('pages/user/profile', [], true)
 4 APPPATH\Controllers\UserCrud.php(21): view('pages/user/profile', [...])
 5 SYSTEMPATH\CodeIgniter.php(934): App\Controllers\UserCrud->profile()
 6 SYSTEMPATH\CodeIgniter.php(499): CodeIgniter\CodeIgniter->runController(Object(App\Controllers\UserCrud))
 7 SYSTEMPATH\CodeIgniter.php(368): CodeIgniter\CodeIgniter->handleRequest(null, Object(Config\Cache), false)
 8 FCPATH\index.php(67): CodeIgniter\CodeIgniter->run()
CRITICAL - 2023-06-18 09:50:11 --> syntax error, unexpected token "echo", expecting "," or ";"
in APPPATH\Views\components\navbar.php on line 22.
 1 SYSTEMPATH\View\View.php(213): include()
 2 SYSTEMPATH\View\View.php(216): CodeIgniter\View\View->CodeIgniter\View\{closure}()
 3 SYSTEMPATH\Common.php(1184): CodeIgniter\View\View->render('pages/user/profile', [], true)
 4 APPPATH\Controllers\UserCrud.php(21): view('pages/user/profile', [...])
 5 SYSTEMPATH\CodeIgniter.php(934): App\Controllers\UserCrud->profile()
 6 SYSTEMPATH\CodeIgniter.php(499): CodeIgniter\CodeIgniter->runController(Object(App\Controllers\UserCrud))
 7 SYSTEMPATH\CodeIgniter.php(368): CodeIgniter\CodeIgniter->handleRequest(null, Object(Config\Cache), false)
 8 FCPATH\index.php(67): CodeIgniter\CodeIgniter->run()
CRITICAL - 2023-06-18 09:50:20 --> syntax error, unexpected token "echo", expecting "," or ";"
in APPPATH\Views\components\navbar.php on line 22.
 1 SYSTEMPATH\View\View.php(213): include()
 2 SYSTEMPATH\View\View.php(216): CodeIgniter\View\View->CodeIgniter\View\{closure}()
 3 SYSTEMPATH\Common.php(1184): CodeIgniter\View\View->render('pages/admin/dashboard', [], true)
 4 APPPATH\Controllers\UserCrud.php(14): view('pages/admin/dashboard', [...])
 5 SYSTEMPATH\CodeIgniter.php(934): App\Controllers\UserCrud->index()
 6 SYSTEMPATH\CodeIgniter.php(499): CodeIgniter\CodeIgniter->runController(Object(App\Controllers\UserCrud))
 7 SYSTEMPATH\CodeIgniter.php(368): CodeIgniter\CodeIgniter->handleRequest(null, Object(Config\Cache), false)
 8 FCPATH\index.php(67): CodeIgniter\CodeIgniter->run()
CRITICAL - 2023-06-18 09:50:25 --> syntax error, unexpected token "echo", expecting "," or ";"
in APPPATH\Views\components\navbar.php on line 22.
 1 SYSTEMPATH\View\View.php(213): include()
 2 SYSTEMPATH\View\View.php(216): CodeIgniter\View\View->CodeIgniter\View\{closure}()
 3 SYSTEMPATH\Common.php(1184): CodeIgniter\View\View->render('pages/admin/dashboard', [], true)
 4 APPPATH\Controllers\UserCrud.php(14): view('pages/admin/dashboard', [...])
 5 SYSTEMPATH\CodeIgniter.php(934): App\Controllers\UserCrud->index()
 6 SYSTEMPATH\CodeIgniter.php(499): CodeIgniter\CodeIgniter->runController(Object(App\Controllers\UserCrud))
 7 SYSTEMPATH\CodeIgniter.php(368): CodeIgniter\CodeIgniter->handleRequest(null, Object(Config\Cache), false)
 8 FCPATH\index.php(67): CodeIgniter\CodeIgniter->run()
CRITICAL - 2023-06-18 09:50:30 --> syntax error, unexpected token "echo", expecting "," or ";"
in APPPATH\Views\components\navbar.php on line 22.
 1 SYSTEMPATH\View\View.php(213): include()
 2 SYSTEMPATH\View\View.php(216): CodeIgniter\View\View->CodeIgniter\View\{closure}()
 3 SYSTEMPATH\Common.php(1184): CodeIgniter\View\View->render('pages/admin/dashboard', [], true)
 4 APPPATH\Controllers\UserCrud.php(14): view('pages/admin/dashboard', [...])
 5 SYSTEMPATH\CodeIgniter.php(934): App\Controllers\UserCrud->index()
 6 SYSTEMPATH\CodeIgniter.php(499): CodeIgniter\CodeIgniter->runController(Object(App\Controllers\UserCrud))
 7 SYSTEMPATH\CodeIgniter.php(368): CodeIgniter\CodeIgniter->handleRequest(null, Object(Config\Cache), false)
 8 FCPATH\index.php(67): CodeIgniter\CodeIgniter->run()
CRITICAL - 2023-06-18 09:50:40 --> syntax error, unexpected token "echo", expecting "," or ";"
in APPPATH\Views\components\navbar.php on line 22.
 1 SYSTEMPATH\View\View.php(213): include()
 2 SYSTEMPATH\View\View.php(216): CodeIgniter\View\View->CodeIgniter\View\{closure}()
 3 SYSTEMPATH\Common.php(1184): CodeIgniter\View\View->render('pages/admin/dashboard', [], true)
 4 APPPATH\Controllers\UserCrud.php(14): view('pages/admin/dashboard', [...])
 5 SYSTEMPATH\CodeIgniter.php(934): App\Controllers\UserCrud->index()
 6 SYSTEMPATH\CodeIgniter.php(499): CodeIgniter\CodeIgniter->runController(Object(App\Controllers\UserCrud))
 7 SYSTEMPATH\CodeIgniter.php(368): CodeIgniter\CodeIgniter->handleRequest(null, Object(Config\Cache), false)
 8 FCPATH\index.php(67): CodeIgniter\CodeIgniter->run()
CRITICAL - 2023-06-18 09:50:45 --> syntax error, unexpected token "echo", expecting "," or ";"
in APPPATH\Views\components\navbar.php on line 22.
 1 SYSTEMPATH\View\View.php(213): include()
 2 SYSTEMPATH\View\View.php(216): CodeIgniter\View\View->CodeIgniter\View\{closure}()
 3 SYSTEMPATH\Common.php(1184): CodeIgniter\View\View->render('pages/admin/dashboard', [], true)
 4 APPPATH\Controllers\UserCrud.php(14): view('pages/admin/dashboard', [...])
 5 SYSTEMPATH\CodeIgniter.php(934): App\Controllers\UserCrud->index()
 6 SYSTEMPATH\CodeIgniter.php(499): CodeIgniter\CodeIgniter->runController(Object(App\Controllers\UserCrud))
 7 SYSTEMPATH\CodeIgniter.php(368): CodeIgniter\CodeIgniter->handleRequest(null, Object(Config\Cache), false)
 8 FCPATH\index.php(67): CodeIgniter\CodeIgniter->run()
CRITICAL - 2023-06-18 09:50:51 --> syntax error, unexpected token "echo", expecting "," or ";"
in APPPATH\Views\components\navbar.php on line 22.
 1 SYSTEMPATH\View\View.php(213): include()
 2 SYSTEMPATH\View\View.php(216): CodeIgniter\View\View->CodeIgniter\View\{closure}()
 3 SYSTEMPATH\Common.php(1184): CodeIgniter\View\View->render('pages/admin/dashboard', [], true)
 4 APPPATH\Controllers\UserCrud.php(14): view('pages/admin/dashboard', [...])
 5 SYSTEMPATH\CodeIgniter.php(934): App\Controllers\UserCrud->index()
 6 SYSTEMPATH\CodeIgniter.php(499): CodeIgniter\CodeIgniter->runController(Object(App\Controllers\UserCrud))
 7 SYSTEMPATH\CodeIgniter.php(368): CodeIgniter\CodeIgniter->handleRequest(null, Object(Config\Cache), false)
 8 FCPATH\index.php(67): CodeIgniter\CodeIgniter->run()
CRITICAL - 2023-06-18 09:50:56 --> syntax error, unexpected token "echo", expecting "," or ";"
in APPPATH\Views\components\navbar.php on line 22.
 1 SYSTEMPATH\View\View.php(213): include()
 2 SYSTEMPATH\View\View.php(216): CodeIgniter\View\View->CodeIgniter\View\{closure}()
 3 SYSTEMPATH\Common.php(1184): CodeIgniter\View\View->render('pages/admin/dashboard', [], true)
 4 APPPATH\Controllers\UserCrud.php(14): view('pages/admin/dashboard', [...])
 5 SYSTEMPATH\CodeIgniter.php(934): App\Controllers\UserCrud->index()
 6 SYSTEMPATH\CodeIgniter.php(499): CodeIgniter\CodeIgniter->runController(Object(App\Controllers\UserCrud))
 7 SYSTEMPATH\CodeIgniter.php(368): CodeIgniter\CodeIgniter->handleRequest(null, Object(Config\Cache), false)
 8 FCPATH\index.php(67): CodeIgniter\CodeIgniter->run()
CRITICAL - 2023-06-18 09:51:01 --> syntax error, unexpected token "echo", expecting "," or ";"
in APPPATH\Views\components\navbar.php on line 22.
 1 SYSTEMPATH\View\View.php(213): include()
 2 SYSTEMPATH\View\View.php(216): CodeIgniter\View\View->CodeIgniter\View\{closure}()
 3 SYSTEMPATH\Common.php(1184): CodeIgniter\View\View->render('pages/admin/dashboard', [], true)
 4 APPPATH\Controllers\UserCrud.php(14): view('pages/admin/dashboard', [...])
 5 SYSTEMPATH\CodeIgniter.php(934): App\Controllers\UserCrud->index()
 6 SYSTEMPATH\CodeIgniter.php(499): CodeIgniter\CodeIgniter->runController(Object(App\Controllers\UserCrud))
 7 SYSTEMPATH\CodeIgniter.php(368): CodeIgniter\CodeIgniter->handleRequest(null, Object(Config\Cache), false)
 8 FCPATH\index.php(67): CodeIgniter\CodeIgniter->run()
CRITICAL - 2023-06-18 09:51:06 --> syntax error, unexpected token "echo", expecting "," or ";"
in APPPATH\Views\components\navbar.php on line 22.
 1 SYSTEMPATH\View\View.php(213): include()
 2 SYSTEMPATH\View\View.php(216): CodeIgniter\View\View->CodeIgniter\View\{closure}()
 3 SYSTEMPATH\Common.php(1184): CodeIgniter\View\View->render('pages/admin/dashboard', [], true)
 4 APPPATH\Controllers\UserCrud.php(14): view('pages/admin/dashboard', [...])
 5 SYSTEMPATH\CodeIgniter.php(934): App\Controllers\UserCrud->index()
 6 SYSTEMPATH\CodeIgniter.php(499): CodeIgniter\CodeIgniter->runController(Object(App\Controllers\UserCrud))
 7 SYSTEMPATH\CodeIgniter.php(368): CodeIgniter\CodeIgniter->handleRequest(null, Object(Config\Cache), false)
 8 FCPATH\index.php(67): CodeIgniter\CodeIgniter->run()
CRITICAL - 2023-06-18 09:51:11 --> syntax error, unexpected token "echo", expecting "," or ";"
in APPPATH\Views\components\navbar.php on line 22.
 1 SYSTEMPATH\View\View.php(213): include()
 2 SYSTEMPATH\View\View.php(216): CodeIgniter\View\View->CodeIgniter\View\{closure}()
 3 SYSTEMPATH\Common.php(1184): CodeIgniter\View\View->render('pages/admin/dashboard', [], true)
 4 APPPATH\Controllers\UserCrud.php(14): view('pages/admin/dashboard', [...])
 5 SYSTEMPATH\CodeIgniter.php(934): App\Controllers\UserCrud->index()
 6 SYSTEMPATH\CodeIgniter.php(499): CodeIgniter\CodeIgniter->runController(Object(App\Controllers\UserCrud))
 7 SYSTEMPATH\CodeIgniter.php(368): CodeIgniter\CodeIgniter->handleRequest(null, Object(Config\Cache), false)
 8 FCPATH\index.php(67): CodeIgniter\CodeIgniter->run()
CRITICAL - 2023-06-18 09:51:17 --> syntax error, unexpected token "echo", expecting "," or ";"
in APPPATH\Views\components\navbar.php on line 22.
 1 SYSTEMPATH\View\View.php(213): include()
 2 SYSTEMPATH\View\View.php(216): CodeIgniter\View\View->CodeIgniter\View\{closure}()
 3 SYSTEMPATH\Common.php(1184): CodeIgniter\View\View->render('pages/admin/dashboard', [], true)
 4 APPPATH\Controllers\UserCrud.php(14): view('pages/admin/dashboard', [...])
 5 SYSTEMPATH\CodeIgniter.php(934): App\Controllers\UserCrud->index()
 6 SYSTEMPATH\CodeIgniter.php(499): CodeIgniter\CodeIgniter->runController(Object(App\Controllers\UserCrud))
 7 SYSTEMPATH\CodeIgniter.php(368): CodeIgniter\CodeIgniter->handleRequest(null, Object(Config\Cache), false)
 8 FCPATH\index.php(67): CodeIgniter\CodeIgniter->run()
CRITICAL - 2023-06-18 09:51:23 --> syntax error, unexpected token "echo", expecting "," or ";"
in APPPATH\Views\components\navbar.php on line 22.
 1 SYSTEMPATH\View\View.php(213): include()
 2 SYSTEMPATH\View\View.php(216): CodeIgniter\View\View->CodeIgniter\View\{closure}()
 3 SYSTEMPATH\Common.php(1184): CodeIgniter\View\View->render('pages/admin/dashboard', [], true)
 4 APPPATH\Controllers\UserCrud.php(14): view('pages/admin/dashboard', [...])
 5 SYSTEMPATH\CodeIgniter.php(934): App\Controllers\UserCrud->index()
 6 SYSTEMPATH\CodeIgniter.php(499): CodeIgniter\CodeIgniter->runController(Object(App\Controllers\UserCrud))
 7 SYSTEMPATH\CodeIgniter.php(368): CodeIgniter\CodeIgniter->handleRequest(null, Object(Config\Cache), false)
 8 FCPATH\index.php(67): CodeIgniter\CodeIgniter->run()
CRITICAL - 2023-06-18 09:51:28 --> syntax error, unexpected token "echo", expecting "," or ";"
in APPPATH\Views\components\navbar.php on line 22.
 1 SYSTEMPATH\View\View.php(213): include()
 2 SYSTEMPATH\View\View.php(216): CodeIgniter\View\View->CodeIgniter\View\{closure}()
 3 SYSTEMPATH\Common.php(1184): CodeIgniter\View\View->render('pages/admin/dashboard', [], true)
 4 APPPATH\Controllers\UserCrud.php(14): view('pages/admin/dashboard', [...])
 5 SYSTEMPATH\CodeIgniter.php(934): App\Controllers\UserCrud->index()
 6 SYSTEMPATH\CodeIgniter.php(499): CodeIgniter\CodeIgniter->runController(Object(App\Controllers\UserCrud))
 7 SYSTEMPATH\CodeIgniter.php(368): CodeIgniter\CodeIgniter->handleRequest(null, Object(Config\Cache), false)
 8 FCPATH\index.php(67): CodeIgniter\CodeIgniter->run()
CRITICAL - 2023-06-18 09:51:33 --> syntax error, unexpected token "echo", expecting "," or ";"
in APPPATH\Views\components\navbar.php on line 22.
 1 SYSTEMPATH\View\View.php(213): include()
 2 SYSTEMPATH\View\View.php(216): CodeIgniter\View\View->CodeIgniter\View\{closure}()
 3 SYSTEMPATH\Common.php(1184): CodeIgniter\View\View->render('pages/admin/dashboard', [], true)
 4 APPPATH\Controllers\UserCrud.php(14): view('pages/admin/dashboard', [...])
 5 SYSTEMPATH\CodeIgniter.php(934): App\Controllers\UserCrud->index()
 6 SYSTEMPATH\CodeIgniter.php(499): CodeIgniter\CodeIgniter->runController(Object(App\Controllers\UserCrud))
 7 SYSTEMPATH\CodeIgniter.php(368): CodeIgniter\CodeIgniter->handleRequest(null, Object(Config\Cache), false)
 8 FCPATH\index.php(67): CodeIgniter\CodeIgniter->run()
CRITICAL - 2023-06-18 09:51:38 --> syntax error, unexpected token "echo", expecting "," or ";"
in APPPATH\Views\components\navbar.php on line 22.
 1 SYSTEMPATH\View\View.php(213): include()
 2 SYSTEMPATH\View\View.php(216): CodeIgniter\View\View->CodeIgniter\View\{closure}()
 3 SYSTEMPATH\Common.php(1184): CodeIgniter\View\View->render('pages/admin/dashboard', [], true)
 4 APPPATH\Controllers\UserCrud.php(14): view('pages/admin/dashboard', [...])
 5 SYSTEMPATH\CodeIgniter.php(934): App\Controllers\UserCrud->index()
 6 SYSTEMPATH\CodeIgniter.php(499): CodeIgniter\CodeIgniter->runController(Object(App\Controllers\UserCrud))
 7 SYSTEMPATH\CodeIgniter.php(368): CodeIgniter\CodeIgniter->handleRequest(null, Object(Config\Cache), false)
 8 FCPATH\index.php(67): CodeIgniter\CodeIgniter->run()
CRITICAL - 2023-06-18 09:51:43 --> syntax error, unexpected token "echo", expecting "," or ";"
in APPPATH\Views\components\navbar.php on line 22.
 1 SYSTEMPATH\View\View.php(213): include()
 2 SYSTEMPATH\View\View.php(216): CodeIgniter\View\View->CodeIgniter\View\{closure}()
 3 SYSTEMPATH\Common.php(1184): CodeIgniter\View\View->render('pages/admin/dashboard', [], true)
 4 APPPATH\Controllers\UserCrud.php(14): view('pages/admin/dashboard', [...])
 5 SYSTEMPATH\CodeIgniter.php(934): App\Controllers\UserCrud->index()
 6 SYSTEMPATH\CodeIgniter.php(499): CodeIgniter\CodeIgniter->runController(Object(App\Controllers\UserCrud))
 7 SYSTEMPATH\CodeIgniter.php(368): CodeIgniter\CodeIgniter->handleRequest(null, Object(Config\Cache), false)
 8 FCPATH\index.php(67): CodeIgniter\CodeIgniter->run()
CRITICAL - 2023-06-18 09:51:49 --> syntax error, unexpected token "echo", expecting "," or ";"
in APPPATH\Views\components\navbar.php on line 22.
 1 SYSTEMPATH\View\View.php(213): include()
 2 SYSTEMPATH\View\View.php(216): CodeIgniter\View\View->CodeIgniter\View\{closure}()
 3 SYSTEMPATH\Common.php(1184): CodeIgniter\View\View->render('pages/admin/dashboard', [], true)
 4 APPPATH\Controllers\UserCrud.php(14): view('pages/admin/dashboard', [...])
 5 SYSTEMPATH\CodeIgniter.php(934): App\Controllers\UserCrud->index()
 6 SYSTEMPATH\CodeIgniter.php(499): CodeIgniter\CodeIgniter->runController(Object(App\Controllers\UserCrud))
 7 SYSTEMPATH\CodeIgniter.php(368): CodeIgniter\CodeIgniter->handleRequest(null, Object(Config\Cache), false)
 8 FCPATH\index.php(67): CodeIgniter\CodeIgniter->run()
CRITICAL - 2023-06-18 09:51:54 --> syntax error, unexpected token "echo", expecting "," or ";"
in APPPATH\Views\components\navbar.php on line 22.
 1 SYSTEMPATH\View\View.php(213): include()
 2 SYSTEMPATH\View\View.php(216): CodeIgniter\View\View->CodeIgniter\View\{closure}()
 3 SYSTEMPATH\Common.php(1184): CodeIgniter\View\View->render('pages/admin/dashboard', [], true)
 4 APPPATH\Controllers\UserCrud.php(14): view('pages/admin/dashboard', [...])
 5 SYSTEMPATH\CodeIgniter.php(934): App\Controllers\UserCrud->index()
 6 SYSTEMPATH\CodeIgniter.php(499): CodeIgniter\CodeIgniter->runController(Object(App\Controllers\UserCrud))
 7 SYSTEMPATH\CodeIgniter.php(368): CodeIgniter\CodeIgniter->handleRequest(null, Object(Config\Cache), false)
 8 FCPATH\index.php(67): CodeIgniter\CodeIgniter->run()
CRITICAL - 2023-06-18 09:52:19 --> Undefined variable $role_id
in APPPATH\Views\components\navbar.php on line 22.
 1 APPPATH\Views\components\navbar.php(22): CodeIgniter\Debug\Exceptions->errorHandler(2, 'Undefined variable $role_id', 'C:\\xampp\\htdocs\\melody\\app\\Views\\components\\navbar.php', 22)
 2 APPPATH\Views\pages\admin\dashboard.php(27): include('C:\\xampp\\htdocs\\melody\\app\\Views\\components\\navbar.php')
 3 SYSTEMPATH\View\View.php(213): include('C:\\xampp\\htdocs\\melody\\app\\Views\\pages\\admin\\dashboard.php')
 4 SYSTEMPATH\View\View.php(216): CodeIgniter\View\View->CodeIgniter\View\{closure}()
 5 SYSTEMPATH\Common.php(1184): CodeIgniter\View\View->render('pages/admin/dashboard', [], true)
 6 APPPATH\Controllers\UserCrud.php(14): view('pages/admin/dashboard', [...])
 7 SYSTEMPATH\CodeIgniter.php(934): App\Controllers\UserCrud->index()
 8 SYSTEMPATH\CodeIgniter.php(499): CodeIgniter\CodeIgniter->runController(Object(App\Controllers\UserCrud))
 9 SYSTEMPATH\CodeIgniter.php(368): CodeIgniter\CodeIgniter->handleRequest(null, Object(Config\Cache), false)
10 FCPATH\index.php(67): CodeIgniter\CodeIgniter->run()
CRITICAL - 2023-06-18 09:52:20 --> Undefined variable $role_id
in APPPATH\Views\components\navbar.php on line 22.
 1 APPPATH\Views\components\navbar.php(22): CodeIgniter\Debug\Exceptions->errorHandler(2, 'Undefined variable $role_id', 'C:\\xampp\\htdocs\\melody\\app\\Views\\components\\navbar.php', 22)
 2 APPPATH\Views\pages\admin\dashboard.php(27): include('C:\\xampp\\htdocs\\melody\\app\\Views\\components\\navbar.php')
 3 SYSTEMPATH\View\View.php(213): include('C:\\xampp\\htdocs\\melody\\app\\Views\\pages\\admin\\dashboard.php')
 4 SYSTEMPATH\View\View.php(216): CodeIgniter\View\View->CodeIgniter\View\{closure}()
 5 SYSTEMPATH\Common.php(1184): CodeIgniter\View\View->render('pages/admin/dashboard', [], true)
 6 APPPATH\Controllers\UserCrud.php(14): view('pages/admin/dashboard', [...])
 7 SYSTEMPATH\CodeIgniter.php(934): App\Controllers\UserCrud->index()
 8 SYSTEMPATH\CodeIgniter.php(499): CodeIgniter\CodeIgniter->runController(Object(App\Controllers\UserCrud))
 9 SYSTEMPATH\CodeIgniter.php(368): CodeIgniter\CodeIgniter->handleRequest(null, Object(Config\Cache), false)
10 FCPATH\index.php(67): CodeIgniter\CodeIgniter->run()
CRITICAL - 2023-06-18 09:52:25 --> Undefined variable $role_id
in APPPATH\Views\components\navbar.php on line 22.
 1 APPPATH\Views\components\navbar.php(22): CodeIgniter\Debug\Exceptions->errorHandler(2, 'Undefined variable $role_id', 'C:\\xampp\\htdocs\\melody\\app\\Views\\components\\navbar.php', 22)
 2 APPPATH\Views\pages\admin\dashboard.php(27): include('C:\\xampp\\htdocs\\melody\\app\\Views\\components\\navbar.php')
 3 SYSTEMPATH\View\View.php(213): include('C:\\xampp\\htdocs\\melody\\app\\Views\\pages\\admin\\dashboard.php')
 4 SYSTEMPATH\View\View.php(216): CodeIgniter\View\View->CodeIgniter\View\{closure}()
 5 SYSTEMPATH\Common.php(1184): CodeIgniter\View\View->render('pages/admin/dashboard', [], true)
 6 APPPATH\Controllers\UserCrud.php(14): view('pages/admin/dashboard', [...])
 7 SYSTEMPATH\CodeIgniter.php(934): App\Controllers\UserCrud->index()
 8 SYSTEMPATH\CodeIgniter.php(499): CodeIgniter\CodeIgniter->runController(Object(App\Controllers\UserCrud))
 9 SYSTEMPATH\CodeIgniter.php(368): CodeIgniter\CodeIgniter->handleRequest(null, Object(Config\Cache), false)
10 FCPATH\index.php(67): CodeIgniter\CodeIgniter->run()
CRITICAL - 2023-06-18 10:25:45 --> syntax error, unexpected token "endif", expecting end of file
in APPPATH\Views\components\navbar.php on line 119.
 1 SYSTEMPATH\View\View.php(213): include()
 2 SYSTEMPATH\View\View.php(216): CodeIgniter\View\View->CodeIgniter\View\{closure}()
 3 SYSTEMPATH\Common.php(1184): CodeIgniter\View\View->render('pages/index', [], true)
 4 APPPATH\Controllers\LoginController.php(12): view('pages/index')
 5 SYSTEMPATH\CodeIgniter.php(934): App\Controllers\LoginController->index()
 6 SYSTEMPATH\CodeIgniter.php(499): CodeIgniter\CodeIgniter->runController(Object(App\Controllers\LoginController))
 7 SYSTEMPATH\CodeIgniter.php(368): CodeIgniter\CodeIgniter->handleRequest(null, Object(Config\Cache), false)
 8 FCPATH\index.php(67): CodeIgniter\CodeIgniter->run()
CRITICAL - 2023-06-18 10:25:47 --> syntax error, unexpected token "endif", expecting end of file
in APPPATH\Views\components\navbar.php on line 119.
 1 SYSTEMPATH\View\View.php(213): include()
 2 SYSTEMPATH\View\View.php(216): CodeIgniter\View\View->CodeIgniter\View\{closure}()
 3 SYSTEMPATH\Common.php(1184): CodeIgniter\View\View->render('pages/index', [], true)
 4 APPPATH\Controllers\LoginController.php(12): view('pages/index')
 5 SYSTEMPATH\CodeIgniter.php(934): App\Controllers\LoginController->index()
 6 SYSTEMPATH\CodeIgniter.php(499): CodeIgniter\CodeIgniter->runController(Object(App\Controllers\LoginController))
 7 SYSTEMPATH\CodeIgniter.php(368): CodeIgniter\CodeIgniter->handleRequest(null, Object(Config\Cache), false)
 8 FCPATH\index.php(67): CodeIgniter\CodeIgniter->run()
CRITICAL - 2023-06-18 10:26:01 --> syntax error, unexpected token "endif", expecting end of file
in APPPATH\Views\components\navbar.php on line 119.
 1 SYSTEMPATH\View\View.php(213): include()
 2 SYSTEMPATH\View\View.php(216): CodeIgniter\View\View->CodeIgniter\View\{closure}()
 3 SYSTEMPATH\Common.php(1184): CodeIgniter\View\View->render('pages/index', [], true)
 4 APPPATH\Controllers\LoginController.php(12): view('pages/index')
 5 SYSTEMPATH\CodeIgniter.php(934): App\Controllers\LoginController->index()
 6 SYSTEMPATH\CodeIgniter.php(499): CodeIgniter\CodeIgniter->runController(Object(App\Controllers\LoginController))
 7 SYSTEMPATH\CodeIgniter.php(368): CodeIgniter\CodeIgniter->handleRequest(null, Object(Config\Cache), false)
 8 FCPATH\index.php(67): CodeIgniter\CodeIgniter->run()
CRITICAL - 2023-06-18 10:26:01 --> syntax error, unexpected token "endif", expecting end of file
in APPPATH\Views\components\navbar.php on line 119.
 1 SYSTEMPATH\View\View.php(213): include()
 2 SYSTEMPATH\View\View.php(216): CodeIgniter\View\View->CodeIgniter\View\{closure}()
 3 SYSTEMPATH\Common.php(1184): CodeIgniter\View\View->render('pages/index', [], true)
 4 APPPATH\Controllers\LoginController.php(12): view('pages/index')
 5 SYSTEMPATH\CodeIgniter.php(934): App\Controllers\LoginController->index()
 6 SYSTEMPATH\CodeIgniter.php(499): CodeIgniter\CodeIgniter->runController(Object(App\Controllers\LoginController))
 7 SYSTEMPATH\CodeIgniter.php(368): CodeIgniter\CodeIgniter->handleRequest(null, Object(Config\Cache), false)
 8 FCPATH\index.php(67): CodeIgniter\CodeIgniter->run()
CRITICAL - 2023-06-18 10:34:29 --> Invalid file: "pages/lading.php"
in SYSTEMPATH\Exceptions\FrameworkException.php on line 33.
 1 SYSTEMPATH\View\View.php(201): CodeIgniter\Exceptions\FrameworkException::forInvalidFile('pages/lading.php')
 2 SYSTEMPATH\Common.php(1184): CodeIgniter\View\View->render('pages/lading', [], true)
 3 APPPATH\Controllers\LoginController.php(12): view('pages/lading')
 4 SYSTEMPATH\CodeIgniter.php(934): App\Controllers\LoginController->index()
 5 SYSTEMPATH\CodeIgniter.php(499): CodeIgniter\CodeIgniter->runController(Object(App\Controllers\LoginController))
 6 SYSTEMPATH\CodeIgniter.php(368): CodeIgniter\CodeIgniter->handleRequest(null, Object(Config\Cache), false)
 7 FCPATH\index.php(67): CodeIgniter\CodeIgniter->run()
CRITICAL - 2023-06-18 10:34:30 --> Invalid file: "pages/lading.php"
in SYSTEMPATH\Exceptions\FrameworkException.php on line 33.
 1 SYSTEMPATH\View\View.php(201): CodeIgniter\Exceptions\FrameworkException::forInvalidFile('pages/lading.php')
 2 SYSTEMPATH\Common.php(1184): CodeIgniter\View\View->render('pages/lading', [], true)
 3 APPPATH\Controllers\LoginController.php(12): view('pages/lading')
 4 SYSTEMPATH\CodeIgniter.php(934): App\Controllers\LoginController->index()
 5 SYSTEMPATH\CodeIgniter.php(499): CodeIgniter\CodeIgniter->runController(Object(App\Controllers\LoginController))
 6 SYSTEMPATH\CodeIgniter.php(368): CodeIgniter\CodeIgniter->handleRequest(null, Object(Config\Cache), false)
 7 FCPATH\index.php(67): CodeIgniter\CodeIgniter->run()
CRITICAL - 2023-06-18 10:34:35 --> Invalid file: "pages/lading.php"
in SYSTEMPATH\Exceptions\FrameworkException.php on line 33.
 1 SYSTEMPATH\View\View.php(201): CodeIgniter\Exceptions\FrameworkException::forInvalidFile('pages/lading.php')
 2 SYSTEMPATH\Common.php(1184): CodeIgniter\View\View->render('pages/lading', [], true)
 3 APPPATH\Controllers\LoginController.php(12): view('pages/lading')
 4 SYSTEMPATH\CodeIgniter.php(934): App\Controllers\LoginController->index()
 5 SYSTEMPATH\CodeIgniter.php(499): CodeIgniter\CodeIgniter->runController(Object(App\Controllers\LoginController))
 6 SYSTEMPATH\CodeIgniter.php(368): CodeIgniter\CodeIgniter->handleRequest(null, Object(Config\Cache), false)
 7 FCPATH\index.php(67): CodeIgniter\CodeIgniter->run()
CRITICAL - 2023-06-18 10:38:21 --> include(../../components/navbar.php): Failed to open stream: No such file or directory
in APPPATH\Views\pages\index.php on line 15.
 1 APPPATH\Views\pages\index.php(15): CodeIgniter\Debug\Exceptions->errorHandler(2, 'include(../../components/navbar.php): Failed to open stream: No such file or directory', 'C:\\xampp\\htdocs\\melody\\app\\Views\\pages\\index.php', 15)
 2 APPPATH\Views\pages\index.php(15): include()
 3 SYSTEMPATH\View\View.php(213): include('C:\\xampp\\htdocs\\melody\\app\\Views\\pages\\index.php')
 4 SYSTEMPATH\View\View.php(216): CodeIgniter\View\View->CodeIgniter\View\{closure}()
 5 SYSTEMPATH\Common.php(1184): CodeIgniter\View\View->render('pages/index', [], true)
 6 APPPATH\Controllers\LoginController.php(12): view('pages/index')
 7 SYSTEMPATH\CodeIgniter.php(934): App\Controllers\LoginController->index()
 8 SYSTEMPATH\CodeIgniter.php(499): CodeIgniter\CodeIgniter->runController(Object(App\Controllers\LoginController))
 9 SYSTEMPATH\CodeIgniter.php(368): CodeIgniter\CodeIgniter->handleRequest(null, Object(Config\Cache), false)
10 FCPATH\index.php(67): CodeIgniter\CodeIgniter->run()
CRITICAL - 2023-06-18 10:38:22 --> include(../../components/navbar.php): Failed to open stream: No such file or directory
in APPPATH\Views\pages\index.php on line 15.
 1 APPPATH\Views\pages\index.php(15): CodeIgniter\Debug\Exceptions->errorHandler(2, 'include(../../components/navbar.php): Failed to open stream: No such file or directory', 'C:\\xampp\\htdocs\\melody\\app\\Views\\pages\\index.php', 15)
 2 APPPATH\Views\pages\index.php(15): include()
 3 SYSTEMPATH\View\View.php(213): include('C:\\xampp\\htdocs\\melody\\app\\Views\\pages\\index.php')
 4 SYSTEMPATH\View\View.php(216): CodeIgniter\View\View->CodeIgniter\View\{closure}()
 5 SYSTEMPATH\Common.php(1184): CodeIgniter\View\View->render('pages/index', [], true)
 6 APPPATH\Controllers\LoginController.php(12): view('pages/index')
 7 SYSTEMPATH\CodeIgniter.php(934): App\Controllers\LoginController->index()
 8 SYSTEMPATH\CodeIgniter.php(499): CodeIgniter\CodeIgniter->runController(Object(App\Controllers\LoginController))
 9 SYSTEMPATH\CodeIgniter.php(368): CodeIgniter\CodeIgniter->handleRequest(null, Object(Config\Cache), false)
10 FCPATH\index.php(67): CodeIgniter\CodeIgniter->run()
CRITICAL - 2023-06-18 10:38:22 --> include(../../components/navbar.php): Failed to open stream: No such file or directory
in APPPATH\Views\pages\index.php on line 15.
 1 APPPATH\Views\pages\index.php(15): CodeIgniter\Debug\Exceptions->errorHandler(2, 'include(../../components/navbar.php): Failed to open stream: No such file or directory', 'C:\\xampp\\htdocs\\melody\\app\\Views\\pages\\index.php', 15)
 2 APPPATH\Views\pages\index.php(15): include()
 3 SYSTEMPATH\View\View.php(213): include('C:\\xampp\\htdocs\\melody\\app\\Views\\pages\\index.php')
 4 SYSTEMPATH\View\View.php(216): CodeIgniter\View\View->CodeIgniter\View\{closure}()
 5 SYSTEMPATH\Common.php(1184): CodeIgniter\View\View->render('pages/index', [], true)
 6 APPPATH\Controllers\LoginController.php(12): view('pages/index')
 7 SYSTEMPATH\CodeIgniter.php(934): App\Controllers\LoginController->index()
 8 SYSTEMPATH\CodeIgniter.php(499): CodeIgniter\CodeIgniter->runController(Object(App\Controllers\LoginController))
 9 SYSTEMPATH\CodeIgniter.php(368): CodeIgniter\CodeIgniter->handleRequest(null, Object(Config\Cache), false)
10 FCPATH\index.php(67): CodeIgniter\CodeIgniter->run()
CRITICAL - 2023-06-18 10:38:55 --> Undefined variable $users
in APPPATH\Views\pages\index.php on line 52.
 1 APPPATH\Views\pages\index.php(52): CodeIgniter\Debug\Exceptions->errorHandler(2, 'Undefined variable $users', 'C:\\xampp\\htdocs\\melody\\app\\Views\\pages\\index.php', 52)
 2 SYSTEMPATH\View\View.php(213): include('C:\\xampp\\htdocs\\melody\\app\\Views\\pages\\index.php')
 3 SYSTEMPATH\View\View.php(216): CodeIgniter\View\View->CodeIgniter\View\{closure}()
 4 SYSTEMPATH\Common.php(1184): CodeIgniter\View\View->render('pages/index', [], true)
 5 APPPATH\Controllers\LoginController.php(12): view('pages/index')
 6 SYSTEMPATH\CodeIgniter.php(934): App\Controllers\LoginController->index()
 7 SYSTEMPATH\CodeIgniter.php(499): CodeIgniter\CodeIgniter->runController(Object(App\Controllers\LoginController))
 8 SYSTEMPATH\CodeIgniter.php(368): CodeIgniter\CodeIgniter->handleRequest(null, Object(Config\Cache), false)
 9 FCPATH\index.php(67): CodeIgniter\CodeIgniter->run()
CRITICAL - 2023-06-18 10:39:01 --> Undefined variable $users
in APPPATH\Views\pages\index.php on line 52.
 1 APPPATH\Views\pages\index.php(52): CodeIgniter\Debug\Exceptions->errorHandler(2, 'Undefined variable $users', 'C:\\xampp\\htdocs\\melody\\app\\Views\\pages\\index.php', 52)
 2 SYSTEMPATH\View\View.php(213): include('C:\\xampp\\htdocs\\melody\\app\\Views\\pages\\index.php')
 3 SYSTEMPATH\View\View.php(216): CodeIgniter\View\View->CodeIgniter\View\{closure}()
 4 SYSTEMPATH\Common.php(1184): CodeIgniter\View\View->render('pages/index', [], true)
 5 APPPATH\Controllers\LoginController.php(12): view('pages/index')
 6 SYSTEMPATH\CodeIgniter.php(934): App\Controllers\LoginController->index()
 7 SYSTEMPATH\CodeIgniter.php(499): CodeIgniter\CodeIgniter->runController(Object(App\Controllers\LoginController))
 8 SYSTEMPATH\CodeIgniter.php(368): CodeIgniter\CodeIgniter->handleRequest(null, Object(Config\Cache), false)
 9 FCPATH\index.php(67): CodeIgniter\CodeIgniter->run()
CRITICAL - 2023-06-18 10:39:06 --> Undefined variable $users
in APPPATH\Views\pages\index.php on line 52.
 1 APPPATH\Views\pages\index.php(52): CodeIgniter\Debug\Exceptions->errorHandler(2, 'Undefined variable $users', 'C:\\xampp\\htdocs\\melody\\app\\Views\\pages\\index.php', 52)
 2 SYSTEMPATH\View\View.php(213): include('C:\\xampp\\htdocs\\melody\\app\\Views\\pages\\index.php')
 3 SYSTEMPATH\View\View.php(216): CodeIgniter\View\View->CodeIgniter\View\{closure}()
 4 SYSTEMPATH\Common.php(1184): CodeIgniter\View\View->render('pages/index', [], true)
 5 APPPATH\Controllers\LoginController.php(12): view('pages/index')
 6 SYSTEMPATH\CodeIgniter.php(934): App\Controllers\LoginController->index()
 7 SYSTEMPATH\CodeIgniter.php(499): CodeIgniter\CodeIgniter->runController(Object(App\Controllers\LoginController))
 8 SYSTEMPATH\CodeIgniter.php(368): CodeIgniter\CodeIgniter->handleRequest(null, Object(Config\Cache), false)
 9 FCPATH\index.php(67): CodeIgniter\CodeIgniter->run()
CRITICAL - 2023-06-18 10:39:11 --> Undefined variable $users
in APPPATH\Views\pages\index.php on line 52.
 1 APPPATH\Views\pages\index.php(52): CodeIgniter\Debug\Exceptions->errorHandler(2, 'Undefined variable $users', 'C:\\xampp\\htdocs\\melody\\app\\Views\\pages\\index.php', 52)
 2 SYSTEMPATH\View\View.php(213): include('C:\\xampp\\htdocs\\melody\\app\\Views\\pages\\index.php')
 3 SYSTEMPATH\View\View.php(216): CodeIgniter\View\View->CodeIgniter\View\{closure}()
 4 SYSTEMPATH\Common.php(1184): CodeIgniter\View\View->render('pages/index', [], true)
 5 APPPATH\Controllers\LoginController.php(12): view('pages/index')
 6 SYSTEMPATH\CodeIgniter.php(934): App\Controllers\LoginController->index()
 7 SYSTEMPATH\CodeIgniter.php(499): CodeIgniter\CodeIgniter->runController(Object(App\Controllers\LoginController))
 8 SYSTEMPATH\CodeIgniter.php(368): CodeIgniter\CodeIgniter->handleRequest(null, Object(Config\Cache), false)
 9 FCPATH\index.php(67): CodeIgniter\CodeIgniter->run()
CRITICAL - 2023-06-18 10:39:15 --> Undefined variable $users
in APPPATH\Views\pages\index.php on line 38.
 1 APPPATH\Views\pages\index.php(38): CodeIgniter\Debug\Exceptions->errorHandler(2, 'Undefined variable $users', 'C:\\xampp\\htdocs\\melody\\app\\Views\\pages\\index.php', 38)
 2 SYSTEMPATH\View\View.php(213): include('C:\\xampp\\htdocs\\melody\\app\\Views\\pages\\index.php')
 3 SYSTEMPATH\View\View.php(216): CodeIgniter\View\View->CodeIgniter\View\{closure}()
 4 SYSTEMPATH\Common.php(1184): CodeIgniter\View\View->render('pages/index', [], true)
 5 APPPATH\Controllers\LoginController.php(12): view('pages/index')
 6 SYSTEMPATH\CodeIgniter.php(934): App\Controllers\LoginController->index()
 7 SYSTEMPATH\CodeIgniter.php(499): CodeIgniter\CodeIgniter->runController(Object(App\Controllers\LoginController))
 8 SYSTEMPATH\CodeIgniter.php(368): CodeIgniter\CodeIgniter->handleRequest(null, Object(Config\Cache), false)
 9 FCPATH\index.php(67): CodeIgniter\CodeIgniter->run()
CRITICAL - 2023-06-18 10:39:16 --> Undefined variable $users
in APPPATH\Views\pages\index.php on line 38.
 1 APPPATH\Views\pages\index.php(38): CodeIgniter\Debug\Exceptions->errorHandler(2, 'Undefined variable $users', 'C:\\xampp\\htdocs\\melody\\app\\Views\\pages\\index.php', 38)
 2 SYSTEMPATH\View\View.php(213): include('C:\\xampp\\htdocs\\melody\\app\\Views\\pages\\index.php')
 3 SYSTEMPATH\View\View.php(216): CodeIgniter\View\View->CodeIgniter\View\{closure}()
 4 SYSTEMPATH\Common.php(1184): CodeIgniter\View\View->render('pages/index', [], true)
 5 APPPATH\Controllers\LoginController.php(12): view('pages/index')
 6 SYSTEMPATH\CodeIgniter.php(934): App\Controllers\LoginController->index()
 7 SYSTEMPATH\CodeIgniter.php(499): CodeIgniter\CodeIgniter->runController(Object(App\Controllers\LoginController))
 8 SYSTEMPATH\CodeIgniter.php(368): CodeIgniter\CodeIgniter->handleRequest(null, Object(Config\Cache), false)
 9 FCPATH\index.php(67): CodeIgniter\CodeIgniter->run()
CRITICAL - 2023-06-18 10:39:21 --> Undefined variable $users
in APPPATH\Views\pages\index.php on line 38.
 1 APPPATH\Views\pages\index.php(38): CodeIgniter\Debug\Exceptions->errorHandler(2, 'Undefined variable $users', 'C:\\xampp\\htdocs\\melody\\app\\Views\\pages\\index.php', 38)
 2 SYSTEMPATH\View\View.php(213): include('C:\\xampp\\htdocs\\melody\\app\\Views\\pages\\index.php')
 3 SYSTEMPATH\View\View.php(216): CodeIgniter\View\View->CodeIgniter\View\{closure}()
 4 SYSTEMPATH\Common.php(1184): CodeIgniter\View\View->render('pages/index', [], true)
 5 APPPATH\Controllers\LoginController.php(12): view('pages/index')
 6 SYSTEMPATH\CodeIgniter.php(934): App\Controllers\LoginController->index()
 7 SYSTEMPATH\CodeIgniter.php(499): CodeIgniter\CodeIgniter->runController(Object(App\Controllers\LoginController))
 8 SYSTEMPATH\CodeIgniter.php(368): CodeIgniter\CodeIgniter->handleRequest(null, Object(Config\Cache), false)
 9 FCPATH\index.php(67): CodeIgniter\CodeIgniter->run()
CRITICAL - 2023-06-18 10:39:22 --> Undefined variable $users
in APPPATH\Views\pages\index.php on line 36.
 1 APPPATH\Views\pages\index.php(36): CodeIgniter\Debug\Exceptions->errorHandler(2, 'Undefined variable $users', 'C:\\xampp\\htdocs\\melody\\app\\Views\\pages\\index.php', 36)
 2 SYSTEMPATH\View\View.php(213): include('C:\\xampp\\htdocs\\melody\\app\\Views\\pages\\index.php')
 3 SYSTEMPATH\View\View.php(216): CodeIgniter\View\View->CodeIgniter\View\{closure}()
 4 SYSTEMPATH\Common.php(1184): CodeIgniter\View\View->render('pages/index', [], true)
 5 APPPATH\Controllers\LoginController.php(12): view('pages/index')
 6 SYSTEMPATH\CodeIgniter.php(934): App\Controllers\LoginController->index()
 7 SYSTEMPATH\CodeIgniter.php(499): CodeIgniter\CodeIgniter->runController(Object(App\Controllers\LoginController))
 8 SYSTEMPATH\CodeIgniter.php(368): CodeIgniter\CodeIgniter->handleRequest(null, Object(Config\Cache), false)
 9 FCPATH\index.php(67): CodeIgniter\CodeIgniter->run()
CRITICAL - 2023-06-18 10:39:26 --> Undefined variable $users
in APPPATH\Views\pages\index.php on line 38.
 1 APPPATH\Views\pages\index.php(38): CodeIgniter\Debug\Exceptions->errorHandler(2, 'Undefined variable $users', 'C:\\xampp\\htdocs\\melody\\app\\Views\\pages\\index.php', 38)
 2 SYSTEMPATH\View\View.php(213): include('C:\\xampp\\htdocs\\melody\\app\\Views\\pages\\index.php')
 3 SYSTEMPATH\View\View.php(216): CodeIgniter\View\View->CodeIgniter\View\{closure}()
 4 SYSTEMPATH\Common.php(1184): CodeIgniter\View\View->render('pages/index', [], true)
 5 APPPATH\Controllers\LoginController.php(12): view('pages/index')
 6 SYSTEMPATH\CodeIgniter.php(934): App\Controllers\LoginController->index()
 7 SYSTEMPATH\CodeIgniter.php(499): CodeIgniter\CodeIgniter->runController(Object(App\Controllers\LoginController))
 8 SYSTEMPATH\CodeIgniter.php(368): CodeIgniter\CodeIgniter->handleRequest(null, Object(Config\Cache), false)
 9 FCPATH\index.php(67): CodeIgniter\CodeIgniter->run()
CRITICAL - 2023-06-18 10:39:31 --> Undefined variable $users
in APPPATH\Views\pages\index.php on line 38.
 1 APPPATH\Views\pages\index.php(38): CodeIgniter\Debug\Exceptions->errorHandler(2, 'Undefined variable $users', 'C:\\xampp\\htdocs\\melody\\app\\Views\\pages\\index.php', 38)
 2 SYSTEMPATH\View\View.php(213): include('C:\\xampp\\htdocs\\melody\\app\\Views\\pages\\index.php')
 3 SYSTEMPATH\View\View.php(216): CodeIgniter\View\View->CodeIgniter\View\{closure}()
 4 SYSTEMPATH\Common.php(1184): CodeIgniter\View\View->render('pages/index', [], true)
 5 APPPATH\Controllers\LoginController.php(12): view('pages/index')
 6 SYSTEMPATH\CodeIgniter.php(934): App\Controllers\LoginController->index()
 7 SYSTEMPATH\CodeIgniter.php(499): CodeIgniter\CodeIgniter->runController(Object(App\Controllers\LoginController))
 8 SYSTEMPATH\CodeIgniter.php(368): CodeIgniter\CodeIgniter->handleRequest(null, Object(Config\Cache), false)
 9 FCPATH\index.php(67): CodeIgniter\CodeIgniter->run()
CRITICAL - 2023-06-18 10:39:36 --> Undefined variable $users
in APPPATH\Views\pages\index.php on line 38.
 1 APPPATH\Views\pages\index.php(38): CodeIgniter\Debug\Exceptions->errorHandler(2, 'Undefined variable $users', 'C:\\xampp\\htdocs\\melody\\app\\Views\\pages\\index.php', 38)
 2 SYSTEMPATH\View\View.php(213): include('C:\\xampp\\htdocs\\melody\\app\\Views\\pages\\index.php')
 3 SYSTEMPATH\View\View.php(216): CodeIgniter\View\View->CodeIgniter\View\{closure}()
 4 SYSTEMPATH\Common.php(1184): CodeIgniter\View\View->render('pages/index', [], true)
 5 APPPATH\Controllers\LoginController.php(12): view('pages/index')
 6 SYSTEMPATH\CodeIgniter.php(934): App\Controllers\LoginController->index()
 7 SYSTEMPATH\CodeIgniter.php(499): CodeIgniter\CodeIgniter->runController(Object(App\Controllers\LoginController))
 8 SYSTEMPATH\CodeIgniter.php(368): CodeIgniter\CodeIgniter->handleRequest(null, Object(Config\Cache), false)
 9 FCPATH\index.php(67): CodeIgniter\CodeIgniter->run()
CRITICAL - 2023-06-18 10:39:42 --> Undefined variable $users
in APPPATH\Views\pages\index.php on line 38.
 1 APPPATH\Views\pages\index.php(38): CodeIgniter\Debug\Exceptions->errorHandler(2, 'Undefined variable $users', 'C:\\xampp\\htdocs\\melody\\app\\Views\\pages\\index.php', 38)
 2 SYSTEMPATH\View\View.php(213): include('C:\\xampp\\htdocs\\melody\\app\\Views\\pages\\index.php')
 3 SYSTEMPATH\View\View.php(216): CodeIgniter\View\View->CodeIgniter\View\{closure}()
 4 SYSTEMPATH\Common.php(1184): CodeIgniter\View\View->render('pages/index', [], true)
 5 APPPATH\Controllers\LoginController.php(12): view('pages/index')
 6 SYSTEMPATH\CodeIgniter.php(934): App\Controllers\LoginController->index()
 7 SYSTEMPATH\CodeIgniter.php(499): CodeIgniter\CodeIgniter->runController(Object(App\Controllers\LoginController))
 8 SYSTEMPATH\CodeIgniter.php(368): CodeIgniter\CodeIgniter->handleRequest(null, Object(Config\Cache), false)
 9 FCPATH\index.php(67): CodeIgniter\CodeIgniter->run()
CRITICAL - 2023-06-18 10:39:47 --> Undefined variable $users
in APPPATH\Views\pages\index.php on line 38.
 1 APPPATH\Views\pages\index.php(38): CodeIgniter\Debug\Exceptions->errorHandler(2, 'Undefined variable $users', 'C:\\xampp\\htdocs\\melody\\app\\Views\\pages\\index.php', 38)
 2 SYSTEMPATH\View\View.php(213): include('C:\\xampp\\htdocs\\melody\\app\\Views\\pages\\index.php')
 3 SYSTEMPATH\View\View.php(216): CodeIgniter\View\View->CodeIgniter\View\{closure}()
 4 SYSTEMPATH\Common.php(1184): CodeIgniter\View\View->render('pages/index', [], true)
 5 APPPATH\Controllers\LoginController.php(12): view('pages/index')
 6 SYSTEMPATH\CodeIgniter.php(934): App\Controllers\LoginController->index()
 7 SYSTEMPATH\CodeIgniter.php(499): CodeIgniter\CodeIgniter->runController(Object(App\Controllers\LoginController))
 8 SYSTEMPATH\CodeIgniter.php(368): CodeIgniter\CodeIgniter->handleRequest(null, Object(Config\Cache), false)
 9 FCPATH\index.php(67): CodeIgniter\CodeIgniter->run()
CRITICAL - 2023-06-18 10:47:42 --> syntax error, unexpected token "{", expecting "("
in APPPATH\Views\components\navbar.php on line 59.
 1 SYSTEMPATH\View\View.php(213): include()
 2 SYSTEMPATH\View\View.php(216): CodeIgniter\View\View->CodeIgniter\View\{closure}()
 3 SYSTEMPATH\Common.php(1184): CodeIgniter\View\View->render('pages/admin/dashboard', [], true)
 4 APPPATH\Controllers\UserCrud.php(14): view('pages/admin/dashboard', [...])
 5 SYSTEMPATH\CodeIgniter.php(934): App\Controllers\UserCrud->index()
 6 SYSTEMPATH\CodeIgniter.php(499): CodeIgniter\CodeIgniter->runController(Object(App\Controllers\UserCrud))
 7 SYSTEMPATH\CodeIgniter.php(368): CodeIgniter\CodeIgniter->handleRequest(null, Object(Config\Cache), false)
 8 FCPATH\index.php(67): CodeIgniter\CodeIgniter->run()
