CRITICAL - 2023-06-29 00:32:07 --> Undefined variable $user
in APPPATH\Views\components\navbar.php on line 58.
 1 APPPATH\Views\components\navbar.php(58): CodeIgniter\Debug\Exceptions->errorHandler(2, 'Undefined variable $user', 'C:\\xampp\\htdocs\\melody\\app\\Views\\components\\navbar.php', 58)
 2 SYSTEMPATH\View\View.php(213): include('C:\\xampp\\htdocs\\melody\\app\\Views\\components\\navbar.php')
 3 SYSTEMPATH\View\View.php(216): CodeIgniter\View\View->CodeIgniter\View\{closure}()
 4 SYSTEMPATH\Common.php(1184): CodeIgniter\View\View->render('components/navbar', [], true)
 5 APPPATH\Controllers\LoginController.php(85): view('components/navbar', [...])
 6 SYSTEMPATH\CodeIgniter.php(934): App\Controllers\LoginController->editProfile()
 7 SYSTEMPATH\CodeIgniter.php(499): CodeIgniter\CodeIgniter->runController(Object(App\Controllers\LoginController))
 8 SYSTEMPATH\CodeIgniter.php(368): CodeIgniter\CodeIgniter->handleRequest(null, Object(Config\Cache), false)
 9 FCPATH\index.php(67): CodeIgniter\CodeIgniter->run()
CRITICAL - 2023-06-29 00:32:14 --> Undefined variable $user
in APPPATH\Views\components\navbar.php on line 58.
 1 APPPATH\Views\components\navbar.php(58): CodeIgniter\Debug\Exceptions->errorHandler(2, 'Undefined variable $user', 'C:\\xampp\\htdocs\\melody\\app\\Views\\components\\navbar.php', 58)
 2 SYSTEMPATH\View\View.php(213): include('C:\\xampp\\htdocs\\melody\\app\\Views\\components\\navbar.php')
 3 SYSTEMPATH\View\View.php(216): CodeIgniter\View\View->CodeIgniter\View\{closure}()
 4 SYSTEMPATH\Common.php(1184): CodeIgniter\View\View->render('components/navbar', [], true)
 5 APPPATH\Controllers\LoginController.php(85): view('components/navbar', [...])
 6 SYSTEMPATH\CodeIgniter.php(934): App\Controllers\LoginController->editProfile()
 7 SYSTEMPATH\CodeIgniter.php(499): CodeIgniter\CodeIgniter->runController(Object(App\Controllers\LoginController))
 8 SYSTEMPATH\CodeIgniter.php(368): CodeIgniter\CodeIgniter->handleRequest(null, Object(Config\Cache), false)
 9 FCPATH\index.php(67): CodeIgniter\CodeIgniter->run()
CRITICAL - 2023-06-29 00:32:15 --> Undefined variable $user
in APPPATH\Views\components\navbar.php on line 58.
 1 APPPATH\Views\components\navbar.php(58): CodeIgniter\Debug\Exceptions->errorHandler(2, 'Undefined variable $user', 'C:\\xampp\\htdocs\\melody\\app\\Views\\components\\navbar.php', 58)
 2 SYSTEMPATH\View\View.php(213): include('C:\\xampp\\htdocs\\melody\\app\\Views\\components\\navbar.php')
 3 SYSTEMPATH\View\View.php(216): CodeIgniter\View\View->CodeIgniter\View\{closure}()
 4 SYSTEMPATH\Common.php(1184): CodeIgniter\View\View->render('components/navbar', [], true)
 5 APPPATH\Controllers\LoginController.php(85): view('components/navbar', [...])
 6 SYSTEMPATH\CodeIgniter.php(934): App\Controllers\LoginController->editProfile()
 7 SYSTEMPATH\CodeIgniter.php(499): CodeIgniter\CodeIgniter->runController(Object(App\Controllers\LoginController))
 8 SYSTEMPATH\CodeIgniter.php(368): CodeIgniter\CodeIgniter->handleRequest(null, Object(Config\Cache), false)
 9 FCPATH\index.php(67): CodeIgniter\CodeIgniter->run()
CRITICAL - 2023-06-29 00:32:16 --> Undefined variable $user
in APPPATH\Views\components\navbar.php on line 58.
 1 APPPATH\Views\components\navbar.php(58): CodeIgniter\Debug\Exceptions->errorHandler(2, 'Undefined variable $user', 'C:\\xampp\\htdocs\\melody\\app\\Views\\components\\navbar.php', 58)
 2 SYSTEMPATH\View\View.php(213): include('C:\\xampp\\htdocs\\melody\\app\\Views\\components\\navbar.php')
 3 SYSTEMPATH\View\View.php(216): CodeIgniter\View\View->CodeIgniter\View\{closure}()
 4 SYSTEMPATH\Common.php(1184): CodeIgniter\View\View->render('components/navbar', [], true)
 5 APPPATH\Controllers\LoginController.php(85): view('components/navbar', [...])
 6 SYSTEMPATH\CodeIgniter.php(934): App\Controllers\LoginController->editProfile()
 7 SYSTEMPATH\CodeIgniter.php(499): CodeIgniter\CodeIgniter->runController(Object(App\Controllers\LoginController))
 8 SYSTEMPATH\CodeIgniter.php(368): CodeIgniter\CodeIgniter->handleRequest(null, Object(Config\Cache), false)
 9 FCPATH\index.php(67): CodeIgniter\CodeIgniter->run()
CRITICAL - 2023-06-29 01:01:46 --> Undefined array key "profile_pic"
in APPPATH\Controllers\UserController.php on line 75.
 1 APPPATH\Controllers\UserController.php(75): CodeIgniter\Debug\Exceptions->errorHandler(2, 'Undefined array key "profile_pic"', 'C:\\xampp\\htdocs\\melody\\app\\Controllers\\UserController.php', 75)
 2 SYSTEMPATH\CodeIgniter.php(934): App\Controllers\UserController->editProfileProcess()
 3 SYSTEMPATH\CodeIgniter.php(499): CodeIgniter\CodeIgniter->runController(Object(App\Controllers\UserController))
 4 SYSTEMPATH\CodeIgniter.php(368): CodeIgniter\CodeIgniter->handleRequest(null, Object(Config\Cache), false)
 5 FCPATH\index.php(67): CodeIgniter\CodeIgniter->run()
CRITICAL - 2023-06-29 01:03:21 --> Undefined array key "profile_pic"
in APPPATH\Controllers\UserController.php on line 75.
 1 APPPATH\Controllers\UserController.php(75): CodeIgniter\Debug\Exceptions->errorHandler(2, 'Undefined array key "profile_pic"', 'C:\\xampp\\htdocs\\melody\\app\\Controllers\\UserController.php', 75)
 2 SYSTEMPATH\CodeIgniter.php(934): App\Controllers\UserController->editProfileProcess()
 3 SYSTEMPATH\CodeIgniter.php(499): CodeIgniter\CodeIgniter->runController(Object(App\Controllers\UserController))
 4 SYSTEMPATH\CodeIgniter.php(368): CodeIgniter\CodeIgniter->handleRequest(null, Object(Config\Cache), false)
 5 FCPATH\index.php(67): CodeIgniter\CodeIgniter->run()
CRITICAL - 2023-06-29 01:03:27 --> Undefined array key "profile_pic"
in APPPATH\Controllers\UserController.php on line 75.
 1 APPPATH\Controllers\UserController.php(75): CodeIgniter\Debug\Exceptions->errorHandler(2, 'Undefined array key "profile_pic"', 'C:\\xampp\\htdocs\\melody\\app\\Controllers\\UserController.php', 75)
 2 SYSTEMPATH\CodeIgniter.php(934): App\Controllers\UserController->editProfileProcess()
 3 SYSTEMPATH\CodeIgniter.php(499): CodeIgniter\CodeIgniter->runController(Object(App\Controllers\UserController))
 4 SYSTEMPATH\CodeIgniter.php(368): CodeIgniter\CodeIgniter->handleRequest(null, Object(Config\Cache), false)
 5 FCPATH\index.php(67): CodeIgniter\CodeIgniter->run()
CRITICAL - 2023-06-29 03:20:05 --> Undefined property: App\Controllers\UserController::$load
in APPPATH\Controllers\UserController.php on line 74.
 1 APPPATH\Controllers\UserController.php(74): CodeIgniter\Debug\Exceptions->errorHandler(2, 'Undefined property: App\\Controllers\\UserController::$load', 'C:\\xampp\\htdocs\\melody\\app\\Controllers\\UserController.php', 74)
 2 SYSTEMPATH\CodeIgniter.php(934): App\Controllers\UserController->editProfileProcess()
 3 SYSTEMPATH\CodeIgniter.php(499): CodeIgniter\CodeIgniter->runController(Object(App\Controllers\UserController))
 4 SYSTEMPATH\CodeIgniter.php(368): CodeIgniter\CodeIgniter->handleRequest(null, Object(Config\Cache), false)
 5 FCPATH\index.php(67): CodeIgniter\CodeIgniter->run()
CRITICAL - 2023-06-29 03:20:44 --> Undefined array key "profile_pic"
in APPPATH\Controllers\UserController.php on line 76.
 1 APPPATH\Controllers\UserController.php(76): CodeIgniter\Debug\Exceptions->errorHandler(2, 'Undefined array key "profile_pic"', 'C:\\xampp\\htdocs\\melody\\app\\Controllers\\UserController.php', 76)
 2 SYSTEMPATH\CodeIgniter.php(934): App\Controllers\UserController->editProfileProcess()
 3 SYSTEMPATH\CodeIgniter.php(499): CodeIgniter\CodeIgniter->runController(Object(App\Controllers\UserController))
 4 SYSTEMPATH\CodeIgniter.php(368): CodeIgniter\CodeIgniter->handleRequest(null, Object(Config\Cache), false)
 5 FCPATH\index.php(67): CodeIgniter\CodeIgniter->run()
CRITICAL - 2023-06-29 03:20:58 --> Undefined property: App\Controllers\UserController::$load
in APPPATH\Controllers\UserController.php on line 74.
 1 APPPATH\Controllers\UserController.php(74): CodeIgniter\Debug\Exceptions->errorHandler(2, 'Undefined property: App\\Controllers\\UserController::$load', 'C:\\xampp\\htdocs\\melody\\app\\Controllers\\UserController.php', 74)
 2 SYSTEMPATH\CodeIgniter.php(934): App\Controllers\UserController->editProfileProcess()
 3 SYSTEMPATH\CodeIgniter.php(499): CodeIgniter\CodeIgniter->runController(Object(App\Controllers\UserController))
 4 SYSTEMPATH\CodeIgniter.php(368): CodeIgniter\CodeIgniter->handleRequest(null, Object(Config\Cache), false)
 5 FCPATH\index.php(67): CodeIgniter\CodeIgniter->run()
CRITICAL - 2023-06-29 03:40:38 --> Unmatched '}'
in APPPATH\Controllers\UserController.php on line 184.
 1 SYSTEMPATH\Autoloader\Autoloader.php(289): CodeIgniter\Autoloader\Autoloader->includeFile('C:\\xampp\\htdocs\\melody\\app\\Controllers\\UserController.php')
 2 SYSTEMPATH\Autoloader\Autoloader.php(267): CodeIgniter\Autoloader\Autoloader->loadInNamespace('App\\Controllers\\UserController')
 3 [internal function]: CodeIgniter\Autoloader\Autoloader->loadClass('App\\Controllers\\UserController')
 4 SYSTEMPATH\CodeIgniter.php(892): class_exists('\\App\\Controllers\\UserController', true)
 5 SYSTEMPATH\CodeIgniter.php(486): CodeIgniter\CodeIgniter->startController()
 6 SYSTEMPATH\CodeIgniter.php(368): CodeIgniter\CodeIgniter->handleRequest(null, Object(Config\Cache), false)
 7 FCPATH\index.php(67): CodeIgniter\CodeIgniter->run()
CRITICAL - 2023-06-29 03:41:11 --> Unmatched '}'
in APPPATH\Controllers\UserController.php on line 184.
 1 SYSTEMPATH\Autoloader\Autoloader.php(289): CodeIgniter\Autoloader\Autoloader->includeFile('C:\\xampp\\htdocs\\melody\\app\\Controllers\\UserController.php')
 2 SYSTEMPATH\Autoloader\Autoloader.php(267): CodeIgniter\Autoloader\Autoloader->loadInNamespace('App\\Controllers\\UserController')
 3 [internal function]: CodeIgniter\Autoloader\Autoloader->loadClass('App\\Controllers\\UserController')
 4 SYSTEMPATH\CodeIgniter.php(892): class_exists('\\App\\Controllers\\UserController', true)
 5 SYSTEMPATH\CodeIgniter.php(486): CodeIgniter\CodeIgniter->startController()
 6 SYSTEMPATH\CodeIgniter.php(368): CodeIgniter\CodeIgniter->handleRequest(null, Object(Config\Cache), false)
 7 FCPATH\index.php(67): CodeIgniter\CodeIgniter->run()
CRITICAL - 2023-06-29 03:42:07 --> Unmatched '}'
in APPPATH\Controllers\UserController.php on line 184.
 1 SYSTEMPATH\Autoloader\Autoloader.php(289): CodeIgniter\Autoloader\Autoloader->includeFile('C:\\xampp\\htdocs\\melody\\app\\Controllers\\UserController.php')
 2 SYSTEMPATH\Autoloader\Autoloader.php(267): CodeIgniter\Autoloader\Autoloader->loadInNamespace('App\\Controllers\\UserController')
 3 [internal function]: CodeIgniter\Autoloader\Autoloader->loadClass('App\\Controllers\\UserController')
 4 SYSTEMPATH\CodeIgniter.php(892): class_exists('\\App\\Controllers\\UserController', true)
 5 SYSTEMPATH\CodeIgniter.php(486): CodeIgniter\CodeIgniter->startController()
 6 SYSTEMPATH\CodeIgniter.php(368): CodeIgniter\CodeIgniter->handleRequest(null, Object(Config\Cache), false)
 7 FCPATH\index.php(67): CodeIgniter\CodeIgniter->run()
CRITICAL - 2023-06-29 03:42:08 --> Unmatched '}'
in APPPATH\Controllers\UserController.php on line 184.
 1 SYSTEMPATH\Autoloader\Autoloader.php(289): CodeIgniter\Autoloader\Autoloader->includeFile('C:\\xampp\\htdocs\\melody\\app\\Controllers\\UserController.php')
 2 SYSTEMPATH\Autoloader\Autoloader.php(267): CodeIgniter\Autoloader\Autoloader->loadInNamespace('App\\Controllers\\UserController')
 3 [internal function]: CodeIgniter\Autoloader\Autoloader->loadClass('App\\Controllers\\UserController')
 4 SYSTEMPATH\CodeIgniter.php(892): class_exists('\\App\\Controllers\\UserController', true)
 5 SYSTEMPATH\CodeIgniter.php(486): CodeIgniter\CodeIgniter->startController()
 6 SYSTEMPATH\CodeIgniter.php(368): CodeIgniter\CodeIgniter->handleRequest(null, Object(Config\Cache), false)
 7 FCPATH\index.php(67): CodeIgniter\CodeIgniter->run()
CRITICAL - 2023-06-29 03:42:09 --> Unmatched '}'
in APPPATH\Controllers\UserController.php on line 184.
 1 SYSTEMPATH\Autoloader\Autoloader.php(289): CodeIgniter\Autoloader\Autoloader->includeFile('C:\\xampp\\htdocs\\melody\\app\\Controllers\\UserController.php')
 2 SYSTEMPATH\Autoloader\Autoloader.php(267): CodeIgniter\Autoloader\Autoloader->loadInNamespace('App\\Controllers\\UserController')
 3 [internal function]: CodeIgniter\Autoloader\Autoloader->loadClass('App\\Controllers\\UserController')
 4 SYSTEMPATH\CodeIgniter.php(892): class_exists('\\App\\Controllers\\UserController', true)
 5 SYSTEMPATH\CodeIgniter.php(486): CodeIgniter\CodeIgniter->startController()
 6 SYSTEMPATH\CodeIgniter.php(368): CodeIgniter\CodeIgniter->handleRequest(null, Object(Config\Cache), false)
 7 FCPATH\index.php(67): CodeIgniter\CodeIgniter->run()
CRITICAL - 2023-06-29 03:42:15 --> Unmatched '}'
in APPPATH\Controllers\UserController.php on line 184.
 1 SYSTEMPATH\Autoloader\Autoloader.php(289): CodeIgniter\Autoloader\Autoloader->includeFile('C:\\xampp\\htdocs\\melody\\app\\Controllers\\UserController.php')
 2 SYSTEMPATH\Autoloader\Autoloader.php(267): CodeIgniter\Autoloader\Autoloader->loadInNamespace('App\\Controllers\\UserController')
 3 [internal function]: CodeIgniter\Autoloader\Autoloader->loadClass('App\\Controllers\\UserController')
 4 SYSTEMPATH\CodeIgniter.php(892): class_exists('\\App\\Controllers\\UserController', true)
 5 SYSTEMPATH\CodeIgniter.php(486): CodeIgniter\CodeIgniter->startController()
 6 SYSTEMPATH\CodeIgniter.php(368): CodeIgniter\CodeIgniter->handleRequest(null, Object(Config\Cache), false)
 7 FCPATH\index.php(67): CodeIgniter\CodeIgniter->run()
CRITICAL - 2023-06-29 03:47:37 --> Undefined variable $username
in APPPATH\Controllers\UserController.php on line 174.
 1 APPPATH\Controllers\UserController.php(174): CodeIgniter\Debug\Exceptions->errorHandler(2, 'Undefined variable $username', 'C:\\xampp\\htdocs\\melody\\app\\Controllers\\UserController.php', 174)
 2 SYSTEMPATH\CodeIgniter.php(934): App\Controllers\UserController->changePasswordProcess()
 3 SYSTEMPATH\CodeIgniter.php(499): CodeIgniter\CodeIgniter->runController(Object(App\Controllers\UserController))
 4 SYSTEMPATH\CodeIgniter.php(368): CodeIgniter\CodeIgniter->handleRequest(null, Object(Config\Cache), false)
 5 FCPATH\index.php(67): CodeIgniter\CodeIgniter->run()
CRITICAL - 2023-06-29 03:50:37 --> Undefined variable $username
in APPPATH\Controllers\UserController.php on line 177.
 1 APPPATH\Controllers\UserController.php(177): CodeIgniter\Debug\Exceptions->errorHandler(2, 'Undefined variable $username', 'C:\\xampp\\htdocs\\melody\\app\\Controllers\\UserController.php', 177)
 2 SYSTEMPATH\CodeIgniter.php(934): App\Controllers\UserController->changePasswordProcess()
 3 SYSTEMPATH\CodeIgniter.php(499): CodeIgniter\CodeIgniter->runController(Object(App\Controllers\UserController))
 4 SYSTEMPATH\CodeIgniter.php(368): CodeIgniter\CodeIgniter->handleRequest(null, Object(Config\Cache), false)
 5 FCPATH\index.php(67): CodeIgniter\CodeIgniter->run()
CRITICAL - 2023-06-29 03:54:02 --> Undefined variable $username
in APPPATH\Controllers\UserController.php on line 177.
 1 APPPATH\Controllers\UserController.php(177): CodeIgniter\Debug\Exceptions->errorHandler(2, 'Undefined variable $username', 'C:\\xampp\\htdocs\\melody\\app\\Controllers\\UserController.php', 177)
 2 SYSTEMPATH\CodeIgniter.php(934): App\Controllers\UserController->changePasswordProcess()
 3 SYSTEMPATH\CodeIgniter.php(499): CodeIgniter\CodeIgniter->runController(Object(App\Controllers\UserController))
 4 SYSTEMPATH\CodeIgniter.php(368): CodeIgniter\CodeIgniter->handleRequest(null, Object(Config\Cache), false)
 5 FCPATH\index.php(67): CodeIgniter\CodeIgniter->run()
CRITICAL - 2023-06-29 03:55:23 --> Undefined variable $print_r
in APPPATH\Controllers\UserController.php on line 156.
 1 APPPATH\Controllers\UserController.php(156): CodeIgniter\Debug\Exceptions->errorHandler(2, 'Undefined variable $print_r', 'C:\\xampp\\htdocs\\melody\\app\\Controllers\\UserController.php', 156)
 2 SYSTEMPATH\CodeIgniter.php(934): App\Controllers\UserController->changePasswordProcess()
 3 SYSTEMPATH\CodeIgniter.php(499): CodeIgniter\CodeIgniter->runController(Object(App\Controllers\UserController))
 4 SYSTEMPATH\CodeIgniter.php(368): CodeIgniter\CodeIgniter->handleRequest(null, Object(Config\Cache), false)
 5 FCPATH\index.php(67): CodeIgniter\CodeIgniter->run()
CRITICAL - 2023-06-29 05:55:32 --> Undefined variable $print_r
in APPPATH\Controllers\UserController.php on line 156.
 1 APPPATH\Controllers\UserController.php(156): CodeIgniter\Debug\Exceptions->errorHandler(2, 'Undefined variable $print_r', 'C:\\xampp\\htdocs\\melody\\app\\Controllers\\UserController.php', 156)
 2 SYSTEMPATH\CodeIgniter.php(934): App\Controllers\UserController->changePasswordProcess()
 3 SYSTEMPATH\CodeIgniter.php(499): CodeIgniter\CodeIgniter->runController(Object(App\Controllers\UserController))
 4 SYSTEMPATH\CodeIgniter.php(368): CodeIgniter\CodeIgniter->handleRequest(null, Object(Config\Cache), false)
 5 FCPATH\index.php(67): CodeIgniter\CodeIgniter->run()
CRITICAL - 2023-06-29 05:55:51 --> Undefined variable $print_r
in APPPATH\Controllers\UserController.php on line 156.
 1 APPPATH\Controllers\UserController.php(156): CodeIgniter\Debug\Exceptions->errorHandler(2, 'Undefined variable $print_r', 'C:\\xampp\\htdocs\\melody\\app\\Controllers\\UserController.php', 156)
 2 SYSTEMPATH\CodeIgniter.php(934): App\Controllers\UserController->changePasswordProcess()
 3 SYSTEMPATH\CodeIgniter.php(499): CodeIgniter\CodeIgniter->runController(Object(App\Controllers\UserController))
 4 SYSTEMPATH\CodeIgniter.php(368): CodeIgniter\CodeIgniter->handleRequest(null, Object(Config\Cache), false)
 5 FCPATH\index.php(67): CodeIgniter\CodeIgniter->run()
CRITICAL - 2023-06-29 05:55:53 --> Undefined variable $print_r
in APPPATH\Controllers\UserController.php on line 156.
 1 APPPATH\Controllers\UserController.php(156): CodeIgniter\Debug\Exceptions->errorHandler(2, 'Undefined variable $print_r', 'C:\\xampp\\htdocs\\melody\\app\\Controllers\\UserController.php', 156)
 2 SYSTEMPATH\CodeIgniter.php(934): App\Controllers\UserController->changePasswordProcess()
 3 SYSTEMPATH\CodeIgniter.php(499): CodeIgniter\CodeIgniter->runController(Object(App\Controllers\UserController))
 4 SYSTEMPATH\CodeIgniter.php(368): CodeIgniter\CodeIgniter->handleRequest(null, Object(Config\Cache), false)
 5 FCPATH\index.php(67): CodeIgniter\CodeIgniter->run()
CRITICAL - 2023-06-29 05:57:32 --> Undefined variable $print_r
in APPPATH\Controllers\UserController.php on line 156.
 1 APPPATH\Controllers\UserController.php(156): CodeIgniter\Debug\Exceptions->errorHandler(2, 'Undefined variable $print_r', 'C:\\xampp\\htdocs\\melody\\app\\Controllers\\UserController.php', 156)
 2 SYSTEMPATH\CodeIgniter.php(934): App\Controllers\UserController->changePasswordProcess()
 3 SYSTEMPATH\CodeIgniter.php(499): CodeIgniter\CodeIgniter->runController(Object(App\Controllers\UserController))
 4 SYSTEMPATH\CodeIgniter.php(368): CodeIgniter\CodeIgniter->handleRequest(null, Object(Config\Cache), false)
 5 FCPATH\index.php(67): CodeIgniter\CodeIgniter->run()
CRITICAL - 2023-06-29 06:02:26 --> Undefined variable $print_r
in APPPATH\Controllers\UserController.php on line 156.
 1 APPPATH\Controllers\UserController.php(156): CodeIgniter\Debug\Exceptions->errorHandler(2, 'Undefined variable $print_r', 'C:\\xampp\\htdocs\\melody\\app\\Controllers\\UserController.php', 156)
 2 SYSTEMPATH\CodeIgniter.php(934): App\Controllers\UserController->changePasswordProcess()
 3 SYSTEMPATH\CodeIgniter.php(499): CodeIgniter\CodeIgniter->runController(Object(App\Controllers\UserController))
 4 SYSTEMPATH\CodeIgniter.php(368): CodeIgniter\CodeIgniter->handleRequest(null, Object(Config\Cache), false)
 5 FCPATH\index.php(67): CodeIgniter\CodeIgniter->run()
CRITICAL - 2023-06-29 06:02:55 --> Undefined variable $session
in APPPATH\Controllers\UserController.php on line 173.
 1 APPPATH\Controllers\UserController.php(173): CodeIgniter\Debug\Exceptions->errorHandler(2, 'Undefined variable $session', 'C:\\xampp\\htdocs\\melody\\app\\Controllers\\UserController.php', 173)
 2 SYSTEMPATH\CodeIgniter.php(934): App\Controllers\UserController->changePasswordProcess()
 3 SYSTEMPATH\CodeIgniter.php(499): CodeIgniter\CodeIgniter->runController(Object(App\Controllers\UserController))
 4 SYSTEMPATH\CodeIgniter.php(368): CodeIgniter\CodeIgniter->handleRequest(null, Object(Config\Cache), false)
 5 FCPATH\index.php(67): CodeIgniter\CodeIgniter->run()
CRITICAL - 2023-06-29 06:04:28 --> Undefined variable $session
in APPPATH\Controllers\UserController.php on line 173.
 1 APPPATH\Controllers\UserController.php(173): CodeIgniter\Debug\Exceptions->errorHandler(2, 'Undefined variable $session', 'C:\\xampp\\htdocs\\melody\\app\\Controllers\\UserController.php', 173)
 2 SYSTEMPATH\CodeIgniter.php(934): App\Controllers\UserController->changePasswordProcess()
 3 SYSTEMPATH\CodeIgniter.php(499): CodeIgniter\CodeIgniter->runController(Object(App\Controllers\UserController))
 4 SYSTEMPATH\CodeIgniter.php(368): CodeIgniter\CodeIgniter->handleRequest(null, Object(Config\Cache), false)
 5 FCPATH\index.php(67): CodeIgniter\CodeIgniter->run()
CRITICAL - 2023-06-29 06:06:41 --> Undefined variable $session
in APPPATH\Controllers\UserController.php on line 173.
 1 APPPATH\Controllers\UserController.php(173): CodeIgniter\Debug\Exceptions->errorHandler(2, 'Undefined variable $session', 'C:\\xampp\\htdocs\\melody\\app\\Controllers\\UserController.php', 173)
 2 SYSTEMPATH\CodeIgniter.php(934): App\Controllers\UserController->changePasswordProcess()
 3 SYSTEMPATH\CodeIgniter.php(499): CodeIgniter\CodeIgniter->runController(Object(App\Controllers\UserController))
 4 SYSTEMPATH\CodeIgniter.php(368): CodeIgniter\CodeIgniter->handleRequest(null, Object(Config\Cache), false)
 5 FCPATH\index.php(67): CodeIgniter\CodeIgniter->run()
CRITICAL - 2023-06-29 06:20:52 --> Call to private method CodeIgniter\HTTP\RedirectResponse::withErrors() from scope App\Controllers\UserController
in APPPATH\Controllers\UserController.php on line 165.
 1 SYSTEMPATH\CodeIgniter.php(934): App\Controllers\UserController->changePasswordProcess()
 2 SYSTEMPATH\CodeIgniter.php(499): CodeIgniter\CodeIgniter->runController(Object(App\Controllers\UserController))
 3 SYSTEMPATH\CodeIgniter.php(368): CodeIgniter\CodeIgniter->handleRequest(null, Object(Config\Cache), false)
 4 FCPATH\index.php(67): CodeIgniter\CodeIgniter->run()
CRITICAL - 2023-06-29 06:21:29 --> Call to private method CodeIgniter\HTTP\RedirectResponse::withErrors() from scope App\Controllers\UserController
in APPPATH\Controllers\UserController.php on line 165.
 1 SYSTEMPATH\CodeIgniter.php(934): App\Controllers\UserController->changePasswordProcess()
 2 SYSTEMPATH\CodeIgniter.php(499): CodeIgniter\CodeIgniter->runController(Object(App\Controllers\UserController))
 3 SYSTEMPATH\CodeIgniter.php(368): CodeIgniter\CodeIgniter->handleRequest(null, Object(Config\Cache), false)
 4 FCPATH\index.php(67): CodeIgniter\CodeIgniter->run()
CRITICAL - 2023-06-29 06:22:46 --> Call to private method CodeIgniter\HTTP\RedirectResponse::withErrors() from scope App\Controllers\UserController
in APPPATH\Controllers\UserController.php on line 165.
 1 SYSTEMPATH\CodeIgniter.php(934): App\Controllers\UserController->changePasswordProcess()
 2 SYSTEMPATH\CodeIgniter.php(499): CodeIgniter\CodeIgniter->runController(Object(App\Controllers\UserController))
 3 SYSTEMPATH\CodeIgniter.php(368): CodeIgniter\CodeIgniter->handleRequest(null, Object(Config\Cache), false)
 4 FCPATH\index.php(67): CodeIgniter\CodeIgniter->run()
CRITICAL - 2023-06-29 06:22:57 --> Call to private method CodeIgniter\HTTP\RedirectResponse::withErrors() from scope App\Controllers\UserController
in APPPATH\Controllers\UserController.php on line 165.
 1 SYSTEMPATH\CodeIgniter.php(934): App\Controllers\UserController->changePasswordProcess()
 2 SYSTEMPATH\CodeIgniter.php(499): CodeIgniter\CodeIgniter->runController(Object(App\Controllers\UserController))
 3 SYSTEMPATH\CodeIgniter.php(368): CodeIgniter\CodeIgniter->handleRequest(null, Object(Config\Cache), false)
 4 FCPATH\index.php(67): CodeIgniter\CodeIgniter->run()
CRITICAL - 2023-06-29 06:28:12 --> Call to private method CodeIgniter\HTTP\RedirectResponse::withErrors() from scope App\Controllers\UserController
in APPPATH\Controllers\UserController.php on line 165.
 1 SYSTEMPATH\CodeIgniter.php(934): App\Controllers\UserController->changePasswordProcess()
 2 SYSTEMPATH\CodeIgniter.php(499): CodeIgniter\CodeIgniter->runController(Object(App\Controllers\UserController))
 3 SYSTEMPATH\CodeIgniter.php(368): CodeIgniter\CodeIgniter->handleRequest(null, Object(Config\Cache), false)
 4 FCPATH\index.php(67): CodeIgniter\CodeIgniter->run()
CRITICAL - 2023-06-29 13:10:11 --> include(check-current-password.php): Failed to open stream: No such file or directory
in APPPATH\Controllers\UserController.php on line 174.
 1 APPPATH\Controllers\UserController.php(174): CodeIgniter\Debug\Exceptions->errorHandler(2, 'include(check-current-password.php): Failed to open stream: No such file or directory', 'C:\\xampp\\htdocs\\melody\\app\\Controllers\\UserController.php', 174)
 2 APPPATH\Controllers\UserController.php(174): include()
 3 SYSTEMPATH\CodeIgniter.php(934): App\Controllers\UserController->changePasswordProcess()
 4 SYSTEMPATH\CodeIgniter.php(499): CodeIgniter\CodeIgniter->runController(Object(App\Controllers\UserController))
 5 SYSTEMPATH\CodeIgniter.php(368): CodeIgniter\CodeIgniter->handleRequest(null, Object(Config\Cache), false)
 6 FCPATH\index.php(67): CodeIgniter\CodeIgniter->run()
CRITICAL - 2023-06-29 13:10:40 --> include(check-current-password.php): Failed to open stream: No such file or directory
in APPPATH\Controllers\UserController.php on line 174.
 1 APPPATH\Controllers\UserController.php(174): CodeIgniter\Debug\Exceptions->errorHandler(2, 'include(check-current-password.php): Failed to open stream: No such file or directory', 'C:\\xampp\\htdocs\\melody\\app\\Controllers\\UserController.php', 174)
 2 APPPATH\Controllers\UserController.php(174): include()
 3 SYSTEMPATH\CodeIgniter.php(934): App\Controllers\UserController->changePasswordProcess()
 4 SYSTEMPATH\CodeIgniter.php(499): CodeIgniter\CodeIgniter->runController(Object(App\Controllers\UserController))
 5 SYSTEMPATH\CodeIgniter.php(368): CodeIgniter\CodeIgniter->handleRequest(null, Object(Config\Cache), false)
 6 FCPATH\index.php(67): CodeIgniter\CodeIgniter->run()
CRITICAL - 2023-06-29 13:27:54 --> syntax error, unexpected variable "$valid"
in APPPATH\Views\pages\user\change_password.php on line 81.
 1 SYSTEMPATH\View\View.php(216): CodeIgniter\View\View->CodeIgniter\View\{closure}()
 2 SYSTEMPATH\Common.php(1184): CodeIgniter\View\View->render('pages/user/change_password', [], true)
 3 APPPATH\Controllers\UserController.php(143): view('pages/user/change_password', [...])
 4 SYSTEMPATH\CodeIgniter.php(934): App\Controllers\UserController->changePassword()
 5 SYSTEMPATH\CodeIgniter.php(499): CodeIgniter\CodeIgniter->runController(Object(App\Controllers\UserController))
 6 SYSTEMPATH\CodeIgniter.php(368): CodeIgniter\CodeIgniter->handleRequest(null, Object(Config\Cache), false)
 7 FCPATH\index.php(67): CodeIgniter\CodeIgniter->run()
CRITICAL - 2023-06-29 13:27:57 --> syntax error, unexpected variable "$valid"
in APPPATH\Views\pages\user\change_password.php on line 81.
 1 SYSTEMPATH\View\View.php(216): CodeIgniter\View\View->CodeIgniter\View\{closure}()
 2 SYSTEMPATH\Common.php(1184): CodeIgniter\View\View->render('pages/user/change_password', [], true)
 3 APPPATH\Controllers\UserController.php(143): view('pages/user/change_password', [...])
 4 SYSTEMPATH\CodeIgniter.php(934): App\Controllers\UserController->changePassword()
 5 SYSTEMPATH\CodeIgniter.php(499): CodeIgniter\CodeIgniter->runController(Object(App\Controllers\UserController))
 6 SYSTEMPATH\CodeIgniter.php(368): CodeIgniter\CodeIgniter->handleRequest(null, Object(Config\Cache), false)
 7 FCPATH\index.php(67): CodeIgniter\CodeIgniter->run()
CRITICAL - 2023-06-29 13:28:20 --> syntax error, unexpected variable "$valid"
in APPPATH\Views\pages\user\change_password.php on line 81.
 1 SYSTEMPATH\View\View.php(216): CodeIgniter\View\View->CodeIgniter\View\{closure}()
 2 SYSTEMPATH\Common.php(1184): CodeIgniter\View\View->render('pages/user/change_password', [], true)
 3 APPPATH\Controllers\UserController.php(143): view('pages/user/change_password', [...])
 4 SYSTEMPATH\CodeIgniter.php(934): App\Controllers\UserController->changePassword()
 5 SYSTEMPATH\CodeIgniter.php(499): CodeIgniter\CodeIgniter->runController(Object(App\Controllers\UserController))
 6 SYSTEMPATH\CodeIgniter.php(368): CodeIgniter\CodeIgniter->handleRequest(null, Object(Config\Cache), false)
 7 FCPATH\index.php(67): CodeIgniter\CodeIgniter->run()
CRITICAL - 2023-06-29 13:28:23 --> syntax error, unexpected variable "$valid"
in APPPATH\Views\pages\user\change_password.php on line 81.
 1 SYSTEMPATH\View\View.php(216): CodeIgniter\View\View->CodeIgniter\View\{closure}()
 2 SYSTEMPATH\Common.php(1184): CodeIgniter\View\View->render('pages/user/change_password', [], true)
 3 APPPATH\Controllers\UserController.php(143): view('pages/user/change_password', [...])
 4 SYSTEMPATH\CodeIgniter.php(934): App\Controllers\UserController->changePassword()
 5 SYSTEMPATH\CodeIgniter.php(499): CodeIgniter\CodeIgniter->runController(Object(App\Controllers\UserController))
 6 SYSTEMPATH\CodeIgniter.php(368): CodeIgniter\CodeIgniter->handleRequest(null, Object(Config\Cache), false)
 7 FCPATH\index.php(67): CodeIgniter\CodeIgniter->run()
CRITICAL - 2023-06-29 13:28:43 --> Undefined variable $currentPassword
in APPPATH\Views\pages\user\change_password.php on line 83.
 1 APPPATH\Views\pages\user\change_password.php(83): CodeIgniter\Debug\Exceptions->errorHandler(2, 'Undefined variable $currentPassword', 'C:\\xampp\\htdocs\\melody\\app\\Views\\pages\\user\\change_password.php', 83)
 2 SYSTEMPATH\View\View.php(213): include('C:\\xampp\\htdocs\\melody\\app\\Views\\pages\\user\\change_password.php')
 3 SYSTEMPATH\View\View.php(216): CodeIgniter\View\View->CodeIgniter\View\{closure}()
 4 SYSTEMPATH\Common.php(1184): CodeIgniter\View\View->render('pages/user/change_password', [], true)
 5 APPPATH\Controllers\UserController.php(143): view('pages/user/change_password', [...])
 6 SYSTEMPATH\CodeIgniter.php(934): App\Controllers\UserController->changePassword()
 7 SYSTEMPATH\CodeIgniter.php(499): CodeIgniter\CodeIgniter->runController(Object(App\Controllers\UserController))
 8 SYSTEMPATH\CodeIgniter.php(368): CodeIgniter\CodeIgniter->handleRequest(null, Object(Config\Cache), false)
 9 FCPATH\index.php(67): CodeIgniter\CodeIgniter->run()
CRITICAL - 2023-06-29 13:28:56 --> Undefined variable $currentPassword
in APPPATH\Views\pages\user\change_password.php on line 83.
 1 APPPATH\Views\pages\user\change_password.php(83): CodeIgniter\Debug\Exceptions->errorHandler(2, 'Undefined variable $currentPassword', 'C:\\xampp\\htdocs\\melody\\app\\Views\\pages\\user\\change_password.php', 83)
 2 SYSTEMPATH\View\View.php(213): include('C:\\xampp\\htdocs\\melody\\app\\Views\\pages\\user\\change_password.php')
 3 SYSTEMPATH\View\View.php(216): CodeIgniter\View\View->CodeIgniter\View\{closure}()
 4 SYSTEMPATH\Common.php(1184): CodeIgniter\View\View->render('pages/user/change_password', [], true)
 5 APPPATH\Controllers\UserController.php(143): view('pages/user/change_password', [...])
 6 SYSTEMPATH\CodeIgniter.php(934): App\Controllers\UserController->changePassword()
 7 SYSTEMPATH\CodeIgniter.php(499): CodeIgniter\CodeIgniter->runController(Object(App\Controllers\UserController))
 8 SYSTEMPATH\CodeIgniter.php(368): CodeIgniter\CodeIgniter->handleRequest(null, Object(Config\Cache), false)
 9 FCPATH\index.php(67): CodeIgniter\CodeIgniter->run()
CRITICAL - 2023-06-29 13:29:03 --> Undefined variable $currentPassword
in APPPATH\Views\pages\user\change_password.php on line 83.
 1 APPPATH\Views\pages\user\change_password.php(83): CodeIgniter\Debug\Exceptions->errorHandler(2, 'Undefined variable $currentPassword', 'C:\\xampp\\htdocs\\melody\\app\\Views\\pages\\user\\change_password.php', 83)
 2 SYSTEMPATH\View\View.php(213): include('C:\\xampp\\htdocs\\melody\\app\\Views\\pages\\user\\change_password.php')
 3 SYSTEMPATH\View\View.php(216): CodeIgniter\View\View->CodeIgniter\View\{closure}()
 4 SYSTEMPATH\Common.php(1184): CodeIgniter\View\View->render('pages/user/change_password', [], true)
 5 APPPATH\Controllers\UserController.php(143): view('pages/user/change_password', [...])
 6 SYSTEMPATH\CodeIgniter.php(934): App\Controllers\UserController->changePassword()
 7 SYSTEMPATH\CodeIgniter.php(499): CodeIgniter\CodeIgniter->runController(Object(App\Controllers\UserController))
 8 SYSTEMPATH\CodeIgniter.php(368): CodeIgniter\CodeIgniter->handleRequest(null, Object(Config\Cache), false)
 9 FCPATH\index.php(67): CodeIgniter\CodeIgniter->run()
CRITICAL - 2023-06-29 13:33:41 --> Undefined variable $storedPassword
in APPPATH\Views\pages\user\change_password.php on line 84.
 1 APPPATH\Views\pages\user\change_password.php(84): CodeIgniter\Debug\Exceptions->errorHandler(2, 'Undefined variable $storedPassword', 'C:\\xampp\\htdocs\\melody\\app\\Views\\pages\\user\\change_password.php', 84)
 2 SYSTEMPATH\View\View.php(213): include('C:\\xampp\\htdocs\\melody\\app\\Views\\pages\\user\\change_password.php')
 3 SYSTEMPATH\View\View.php(216): CodeIgniter\View\View->CodeIgniter\View\{closure}()
 4 SYSTEMPATH\Common.php(1184): CodeIgniter\View\View->render('pages/user/change_password', [], true)
 5 APPPATH\Controllers\UserController.php(143): view('pages/user/change_password', [...])
 6 SYSTEMPATH\CodeIgniter.php(934): App\Controllers\UserController->changePassword()
 7 SYSTEMPATH\CodeIgniter.php(499): CodeIgniter\CodeIgniter->runController(Object(App\Controllers\UserController))
 8 SYSTEMPATH\CodeIgniter.php(368): CodeIgniter\CodeIgniter->handleRequest(null, Object(Config\Cache), false)
 9 FCPATH\index.php(67): CodeIgniter\CodeIgniter->run()
CRITICAL - 2023-06-29 15:26:49 --> Undefined variable $featuresModel
in APPPATH\Views\pages\user\profile.php on line 72.
 1 APPPATH\Views\pages\user\profile.php(72): CodeIgniter\Debug\Exceptions->errorHandler(2, 'Undefined variable $featuresModel', 'C:\\xampp\\htdocs\\melody\\app\\Views\\pages\\user\\profile.php', 72)
 2 SYSTEMPATH\View\View.php(213): include('C:\\xampp\\htdocs\\melody\\app\\Views\\pages\\user\\profile.php')
 3 SYSTEMPATH\View\View.php(216): CodeIgniter\View\View->CodeIgniter\View\{closure}()
 4 SYSTEMPATH\Common.php(1184): CodeIgniter\View\View->render('pages/user/profile', [], true)
 5 APPPATH\Controllers\UserController.php(37): view('pages/user/profile', [...])
 6 SYSTEMPATH\CodeIgniter.php(934): App\Controllers\UserController->profile()
 7 SYSTEMPATH\CodeIgniter.php(499): CodeIgniter\CodeIgniter->runController(Object(App\Controllers\UserController))
 8 SYSTEMPATH\CodeIgniter.php(368): CodeIgniter\CodeIgniter->handleRequest(null, Object(Config\Cache), false)
 9 FCPATH\index.php(67): CodeIgniter\CodeIgniter->run()
CRITICAL - 2023-06-29 15:27:40 --> Class "FeaturesModel" not found
in APPPATH\Views\pages\user\profile.php on line 66.
 1 SYSTEMPATH\View\View.php(213): include()
 2 SYSTEMPATH\View\View.php(216): CodeIgniter\View\View->CodeIgniter\View\{closure}()
 3 SYSTEMPATH\Common.php(1184): CodeIgniter\View\View->render('pages/user/profile', [], true)
 4 APPPATH\Controllers\UserController.php(37): view('pages/user/profile', [...])
 5 SYSTEMPATH\CodeIgniter.php(934): App\Controllers\UserController->profile()
 6 SYSTEMPATH\CodeIgniter.php(499): CodeIgniter\CodeIgniter->runController(Object(App\Controllers\UserController))
 7 SYSTEMPATH\CodeIgniter.php(368): CodeIgniter\CodeIgniter->handleRequest(null, Object(Config\Cache), false)
 8 FCPATH\index.php(67): CodeIgniter\CodeIgniter->run()
CRITICAL - 2023-06-29 15:27:41 --> Class "FeaturesModel" not found
in APPPATH\Views\pages\user\profile.php on line 66.
 1 SYSTEMPATH\View\View.php(213): include()
 2 SYSTEMPATH\View\View.php(216): CodeIgniter\View\View->CodeIgniter\View\{closure}()
 3 SYSTEMPATH\Common.php(1184): CodeIgniter\View\View->render('pages/user/profile', [], true)
 4 APPPATH\Controllers\UserController.php(37): view('pages/user/profile', [...])
 5 SYSTEMPATH\CodeIgniter.php(934): App\Controllers\UserController->profile()
 6 SYSTEMPATH\CodeIgniter.php(499): CodeIgniter\CodeIgniter->runController(Object(App\Controllers\UserController))
 7 SYSTEMPATH\CodeIgniter.php(368): CodeIgniter\CodeIgniter->handleRequest(null, Object(Config\Cache), false)
 8 FCPATH\index.php(67): CodeIgniter\CodeIgniter->run()
CRITICAL - 2023-06-29 15:29:51 --> Undefined variable $featuresModel
in APPPATH\Views\pages\user\profile.php on line 74.
 1 APPPATH\Views\pages\user\profile.php(74): CodeIgniter\Debug\Exceptions->errorHandler(2, 'Undefined variable $featuresModel', 'C:\\xampp\\htdocs\\melody\\app\\Views\\pages\\user\\profile.php', 74)
 2 SYSTEMPATH\View\View.php(213): include('C:\\xampp\\htdocs\\melody\\app\\Views\\pages\\user\\profile.php')
 3 SYSTEMPATH\View\View.php(216): CodeIgniter\View\View->CodeIgniter\View\{closure}()
 4 SYSTEMPATH\Common.php(1184): CodeIgniter\View\View->render('pages/user/profile', [], true)
 5 APPPATH\Controllers\UserController.php(37): view('pages/user/profile', [...])
 6 SYSTEMPATH\CodeIgniter.php(934): App\Controllers\UserController->profile()
 7 SYSTEMPATH\CodeIgniter.php(499): CodeIgniter\CodeIgniter->runController(Object(App\Controllers\UserController))
 8 SYSTEMPATH\CodeIgniter.php(368): CodeIgniter\CodeIgniter->handleRequest(null, Object(Config\Cache), false)
 9 FCPATH\index.php(67): CodeIgniter\CodeIgniter->run()
CRITICAL - 2023-06-29 15:30:42 --> Undefined variable $db
in APPPATH\Views\pages\user\profile.php on line 90.
 1 APPPATH\Views\pages\user\profile.php(90): CodeIgniter\Debug\Exceptions->errorHandler(2, 'Undefined variable $db', 'C:\\xampp\\htdocs\\melody\\app\\Views\\pages\\user\\profile.php', 90)
 2 SYSTEMPATH\View\View.php(213): include('C:\\xampp\\htdocs\\melody\\app\\Views\\pages\\user\\profile.php')
 3 SYSTEMPATH\View\View.php(216): CodeIgniter\View\View->CodeIgniter\View\{closure}()
 4 SYSTEMPATH\Common.php(1184): CodeIgniter\View\View->render('pages/user/profile', [], true)
 5 APPPATH\Controllers\UserController.php(37): view('pages/user/profile', [...])
 6 SYSTEMPATH\CodeIgniter.php(934): App\Controllers\UserController->profile()
 7 SYSTEMPATH\CodeIgniter.php(499): CodeIgniter\CodeIgniter->runController(Object(App\Controllers\UserController))
 8 SYSTEMPATH\CodeIgniter.php(368): CodeIgniter\CodeIgniter->handleRequest(null, Object(Config\Cache), false)
 9 FCPATH\index.php(67): CodeIgniter\CodeIgniter->run()
CRITICAL - 2023-06-29 15:30:44 --> Undefined variable $db
in APPPATH\Views\pages\user\profile.php on line 90.
 1 APPPATH\Views\pages\user\profile.php(90): CodeIgniter\Debug\Exceptions->errorHandler(2, 'Undefined variable $db', 'C:\\xampp\\htdocs\\melody\\app\\Views\\pages\\user\\profile.php', 90)
 2 SYSTEMPATH\View\View.php(213): include('C:\\xampp\\htdocs\\melody\\app\\Views\\pages\\user\\profile.php')
 3 SYSTEMPATH\View\View.php(216): CodeIgniter\View\View->CodeIgniter\View\{closure}()
 4 SYSTEMPATH\Common.php(1184): CodeIgniter\View\View->render('pages/user/profile', [], true)
 5 APPPATH\Controllers\UserController.php(37): view('pages/user/profile', [...])
 6 SYSTEMPATH\CodeIgniter.php(934): App\Controllers\UserController->profile()
 7 SYSTEMPATH\CodeIgniter.php(499): CodeIgniter\CodeIgniter->runController(Object(App\Controllers\UserController))
 8 SYSTEMPATH\CodeIgniter.php(368): CodeIgniter\CodeIgniter->handleRequest(null, Object(Config\Cache), false)
 9 FCPATH\index.php(67): CodeIgniter\CodeIgniter->run()
CRITICAL - 2023-06-29 15:30:55 --> Undefined variable $db
in APPPATH\Views\pages\user\profile.php on line 90.
 1 APPPATH\Views\pages\user\profile.php(90): CodeIgniter\Debug\Exceptions->errorHandler(2, 'Undefined variable $db', 'C:\\xampp\\htdocs\\melody\\app\\Views\\pages\\user\\profile.php', 90)
 2 SYSTEMPATH\View\View.php(213): include('C:\\xampp\\htdocs\\melody\\app\\Views\\pages\\user\\profile.php')
 3 SYSTEMPATH\View\View.php(216): CodeIgniter\View\View->CodeIgniter\View\{closure}()
 4 SYSTEMPATH\Common.php(1184): CodeIgniter\View\View->render('pages/user/profile', [], true)
 5 APPPATH\Controllers\UserController.php(37): view('pages/user/profile', [...])
 6 SYSTEMPATH\CodeIgniter.php(934): App\Controllers\UserController->profile()
 7 SYSTEMPATH\CodeIgniter.php(499): CodeIgniter\CodeIgniter->runController(Object(App\Controllers\UserController))
 8 SYSTEMPATH\CodeIgniter.php(368): CodeIgniter\CodeIgniter->handleRequest(null, Object(Config\Cache), false)
 9 FCPATH\index.php(67): CodeIgniter\CodeIgniter->run()
CRITICAL - 2023-06-29 15:32:19 --> Class "FeaturesModel" not found
in APPPATH\Views\pages\user\profile.php on line 66.
 1 SYSTEMPATH\View\View.php(213): include()
 2 SYSTEMPATH\View\View.php(216): CodeIgniter\View\View->CodeIgniter\View\{closure}()
 3 SYSTEMPATH\Common.php(1184): CodeIgniter\View\View->render('pages/user/profile', [], true)
 4 APPPATH\Controllers\UserController.php(37): view('pages/user/profile', [...])
 5 SYSTEMPATH\CodeIgniter.php(934): App\Controllers\UserController->profile()
 6 SYSTEMPATH\CodeIgniter.php(499): CodeIgniter\CodeIgniter->runController(Object(App\Controllers\UserController))
 7 SYSTEMPATH\CodeIgniter.php(368): CodeIgniter\CodeIgniter->handleRequest(null, Object(Config\Cache), false)
 8 FCPATH\index.php(67): CodeIgniter\CodeIgniter->run()
CRITICAL - 2023-06-29 15:32:22 --> Class "FeaturesModel" not found
in APPPATH\Views\pages\user\profile.php on line 66.
 1 SYSTEMPATH\View\View.php(213): include()
 2 SYSTEMPATH\View\View.php(216): CodeIgniter\View\View->CodeIgniter\View\{closure}()
 3 SYSTEMPATH\Common.php(1184): CodeIgniter\View\View->render('pages/user/profile', [], true)
 4 APPPATH\Controllers\UserController.php(37): view('pages/user/profile', [...])
 5 SYSTEMPATH\CodeIgniter.php(934): App\Controllers\UserController->profile()
 6 SYSTEMPATH\CodeIgniter.php(499): CodeIgniter\CodeIgniter->runController(Object(App\Controllers\UserController))
 7 SYSTEMPATH\CodeIgniter.php(368): CodeIgniter\CodeIgniter->handleRequest(null, Object(Config\Cache), false)
 8 FCPATH\index.php(67): CodeIgniter\CodeIgniter->run()
CRITICAL - 2023-06-29 15:33:25 --> Class "FeaturesModel" not found
in APPPATH\Views\pages\user\profile.php on line 66.
 1 SYSTEMPATH\View\View.php(213): include()
 2 SYSTEMPATH\View\View.php(216): CodeIgniter\View\View->CodeIgniter\View\{closure}()
 3 SYSTEMPATH\Common.php(1184): CodeIgniter\View\View->render('pages/user/profile', [], true)
 4 APPPATH\Controllers\UserController.php(37): view('pages/user/profile', [...])
 5 SYSTEMPATH\CodeIgniter.php(934): App\Controllers\UserController->profile()
 6 SYSTEMPATH\CodeIgniter.php(499): CodeIgniter\CodeIgniter->runController(Object(App\Controllers\UserController))
 7 SYSTEMPATH\CodeIgniter.php(368): CodeIgniter\CodeIgniter->handleRequest(null, Object(Config\Cache), false)
 8 FCPATH\index.php(67): CodeIgniter\CodeIgniter->run()
CRITICAL - 2023-06-29 15:42:56 --> Undefined variable $subId
in APPPATH\Views\pages\user\profile.php on line 69.
 1 APPPATH\Views\pages\user\profile.php(69): CodeIgniter\Debug\Exceptions->errorHandler(2, 'Undefined variable $subId', 'C:\\xampp\\htdocs\\melody\\app\\Views\\pages\\user\\profile.php', 69)
 2 SYSTEMPATH\View\View.php(213): include('C:\\xampp\\htdocs\\melody\\app\\Views\\pages\\user\\profile.php')
 3 SYSTEMPATH\View\View.php(216): CodeIgniter\View\View->CodeIgniter\View\{closure}()
 4 SYSTEMPATH\Common.php(1184): CodeIgniter\View\View->render('pages/user/profile', [], true)
 5 APPPATH\Controllers\UserController.php(38): view('pages/user/profile', [...])
 6 SYSTEMPATH\CodeIgniter.php(934): App\Controllers\UserController->profile()
 7 SYSTEMPATH\CodeIgniter.php(499): CodeIgniter\CodeIgniter->runController(Object(App\Controllers\UserController))
 8 SYSTEMPATH\CodeIgniter.php(368): CodeIgniter\CodeIgniter->handleRequest(null, Object(Config\Cache), false)
 9 FCPATH\index.php(67): CodeIgniter\CodeIgniter->run()
CRITICAL - 2023-06-29 15:43:25 --> Undefined variable $subId
in APPPATH\Views\pages\user\profile.php on line 69.
 1 APPPATH\Views\pages\user\profile.php(69): CodeIgniter\Debug\Exceptions->errorHandler(2, 'Undefined variable $subId', 'C:\\xampp\\htdocs\\melody\\app\\Views\\pages\\user\\profile.php', 69)
 2 SYSTEMPATH\View\View.php(213): include('C:\\xampp\\htdocs\\melody\\app\\Views\\pages\\user\\profile.php')
 3 SYSTEMPATH\View\View.php(216): CodeIgniter\View\View->CodeIgniter\View\{closure}()
 4 SYSTEMPATH\Common.php(1184): CodeIgniter\View\View->render('pages/user/profile', [], true)
 5 APPPATH\Controllers\UserController.php(38): view('pages/user/profile', [...])
 6 SYSTEMPATH\CodeIgniter.php(934): App\Controllers\UserController->profile()
 7 SYSTEMPATH\CodeIgniter.php(499): CodeIgniter\CodeIgniter->runController(Object(App\Controllers\UserController))
 8 SYSTEMPATH\CodeIgniter.php(368): CodeIgniter\CodeIgniter->handleRequest(null, Object(Config\Cache), false)
 9 FCPATH\index.php(67): CodeIgniter\CodeIgniter->run()
ERROR - 2023-06-29 15:44:44 --> mysqli_sql_exception: Unknown column 'feature_id' in 'field list' in C:\xampp\htdocs\melody\system\Database\MySQLi\Connection.php:295
Stack trace:
#0 C:\xampp\htdocs\melody\system\Database\MySQLi\Connection.php(295): mysqli->query('SELECT `feature...', 0)
#1 C:\xampp\htdocs\melody\system\Database\BaseConnection.php(692): CodeIgniter\Database\MySQLi\Connection->execute('SELECT `feature...')
#2 C:\xampp\htdocs\melody\system\Database\BaseConnection.php(606): CodeIgniter\Database\BaseConnection->simpleQuery('SELECT `feature...')
#3 C:\xampp\htdocs\melody\system\Database\BaseBuilder.php(1616): CodeIgniter\Database\BaseConnection->query('SELECT `feature...', Array, false)
#4 C:\xampp\htdocs\melody\system\Model.php(241): CodeIgniter\Database\BaseBuilder->get()
#5 C:\xampp\htdocs\melody\system\BaseModel.php(618): CodeIgniter\Model->doFindAll(0, 0)
#6 C:\xampp\htdocs\melody\app\Controllers\LoginController.php(86): CodeIgniter\BaseModel->findAll()
#7 C:\xampp\htdocs\melody\system\CodeIgniter.php(934): App\Controllers\LoginController->loginProcess()
#8 C:\xampp\htdocs\melody\system\CodeIgniter.php(499): CodeIgniter\CodeIgniter->runController(Object(App\Controllers\LoginController))
#9 C:\xampp\htdocs\melody\system\CodeIgniter.php(368): CodeIgniter\CodeIgniter->handleRequest(NULL, Object(Config\Cache), false)
#10 C:\xampp\htdocs\melody\public\index.php(67): CodeIgniter\CodeIgniter->run()
#11 {main}
CRITICAL - 2023-06-29 15:44:44 --> Unknown column 'feature_id' in 'field list'
in SYSTEMPATH\Database\MySQLi\Connection.php on line 295.
 1 SYSTEMPATH\Database\MySQLi\Connection.php(295): mysqli->query('SELECT `feature_id`
FROM `subscriptions`
WHERE `id` = \'1\'', 0)
 2 SYSTEMPATH\Database\BaseConnection.php(692): CodeIgniter\Database\MySQLi\Connection->execute('SELECT `feature_id`
FROM `subscriptions`
WHERE `id` = \'1\'')
 3 SYSTEMPATH\Database\BaseConnection.php(606): CodeIgniter\Database\BaseConnection->simpleQuery('SELECT `feature_id`
FROM `subscriptions`
WHERE `id` = \'1\'')
 4 SYSTEMPATH\Database\BaseBuilder.php(1616): CodeIgniter\Database\BaseConnection->query('SELECT `feature_id`
FROM `subscriptions`
WHERE `id` = :id:', [...], false)
 5 SYSTEMPATH\Model.php(241): CodeIgniter\Database\BaseBuilder->get()
 6 SYSTEMPATH\BaseModel.php(618): CodeIgniter\Model->doFindAll(0, 0)
 7 APPPATH\Controllers\LoginController.php(86): CodeIgniter\BaseModel->findAll()
 8 SYSTEMPATH\CodeIgniter.php(934): App\Controllers\LoginController->loginProcess()
 9 SYSTEMPATH\CodeIgniter.php(499): CodeIgniter\CodeIgniter->runController(Object(App\Controllers\LoginController))
10 SYSTEMPATH\CodeIgniter.php(368): CodeIgniter\CodeIgniter->handleRequest(null, Object(Config\Cache), false)
11 FCPATH\index.php(67): CodeIgniter\CodeIgniter->run()
CRITICAL - 2023-06-29 15:59:32 --> Undefined property: App\Controllers\UserController::$load
in APPPATH\Controllers\UserController.php on line 75.
 1 APPPATH\Controllers\UserController.php(75): CodeIgniter\Debug\Exceptions->errorHandler(2, 'Undefined property: App\\Controllers\\UserController::$load', 'C:\\xampp\\htdocs\\melody\\app\\Controllers\\UserController.php', 75)
 2 SYSTEMPATH\CodeIgniter.php(934): App\Controllers\UserController->editProfileProcess()
 3 SYSTEMPATH\CodeIgniter.php(499): CodeIgniter\CodeIgniter->runController(Object(App\Controllers\UserController))
 4 SYSTEMPATH\CodeIgniter.php(368): CodeIgniter\CodeIgniter->handleRequest(null, Object(Config\Cache), false)
 5 FCPATH\index.php(67): CodeIgniter\CodeIgniter->run()
