ERROR - 2023-07-09 08:47:16 --> mysqli_sql_exception: Column 'gender' cannot be null in C:\xampp\htdocs\melody\system\Database\MySQLi\Connection.php:295
Stack trace:
#0 C:\xampp\htdocs\melody\system\Database\MySQLi\Connection.php(295): mysqli->query('INSERT INTO `us...', 0)
#1 C:\xampp\htdocs\melody\system\Database\BaseConnection.php(692): CodeIgniter\Database\MySQLi\Connection->execute('INSERT INTO `us...')
#2 C:\xampp\htdocs\melody\system\Database\BaseConnection.php(606): CodeIgniter\Database\BaseConnection->simpleQuery('INSERT INTO `us...')
#3 C:\xampp\htdocs\melody\system\Database\BaseBuilder.php(2309): CodeIgniter\Database\BaseConnection->query('INSERT INTO `us...', Array, false)
#4 C:\xampp\htdocs\melody\system\Model.php(330): CodeIgniter\Database\BaseBuilder->insert()
#5 C:\xampp\htdocs\melody\system\BaseModel.php(782): CodeIgniter\Model->doInsert(Array)
#6 C:\xampp\htdocs\melody\system\Model.php(730): CodeIgniter\BaseModel->insert(Array, true)
#7 C:\xampp\htdocs\melody\app\Models\UsersModel.php(26): CodeIgniter\Model->insert(Array)
#8 C:\xampp\htdocs\melody\app\Controllers\LoginController.php(174): App\Models\UsersModel->addUser(Array)
#9 C:\xampp\htdocs\melody\system\CodeIgniter.php(934): App\Controllers\LoginController->signupProcess()
#10 C:\xampp\htdocs\melody\system\CodeIgniter.php(499): CodeIgniter\CodeIgniter->runController(Object(App\Controllers\LoginController))
#11 C:\xampp\htdocs\melody\system\CodeIgniter.php(368): CodeIgniter\CodeIgniter->handleRequest(NULL, Object(Config\Cache), false)
#12 C:\xampp\htdocs\melody\public\index.php(71): CodeIgniter\CodeIgniter->run()
#13 {main}
CRITICAL - 2023-07-09 08:47:16 --> Column 'gender' cannot be null
in SYSTEMPATH\Database\MySQLi\Connection.php on line 295.
 1 SYSTEMPATH\Database\MySQLi\Connection.php(295): mysqli->query('INSERT INTO `users` (`email`, `username`, `nickname`, `password`, `date_of_birth`, `gender`, `role_id`) VALUES (\'\', \'\', \'\', \'$2y$10$w4Mf1aurgeemMj6NRImbb.hOufBIedTcjEuPvh4A0ZOsUv6QfemaK\', \'\', NULL, 2)', 0)
 2 SYSTEMPATH\Database\BaseConnection.php(692): CodeIgniter\Database\MySQLi\Connection->execute('INSERT INTO `users` (`email`, `username`, `nickname`, `password`, `date_of_birth`, `gender`, `role_id`) VALUES (\'\', \'\', \'\', \'$2y$10$w4Mf1aurgeemMj6NRImbb.hOufBIedTcjEuPvh4A0ZOsUv6QfemaK\', \'\', NULL, 2)')
 3 SYSTEMPATH\Database\BaseConnection.php(606): CodeIgniter\Database\BaseConnection->simpleQuery('INSERT INTO `users` (`email`, `username`, `nickname`, `password`, `date_of_birth`, `gender`, `role_id`) VALUES (\'\', \'\', \'\', \'$2y$10$w4Mf1aurgeemMj6NRImbb.hOufBIedTcjEuPvh4A0ZOsUv6QfemaK\', \'\', NULL, 2)')
 4 SYSTEMPATH\Database\BaseBuilder.php(2309): CodeIgniter\Database\BaseConnection->query('INSERT INTO `users` (`email`, `username`, `nickname`, `password`, `date_of_birth`, `gender`, `role_id`) VALUES (:email:, :username:, :nickname:, :password:, :date_of_birth:, :gender:, :role_id:)', [...], false)
 5 SYSTEMPATH\Model.php(330): CodeIgniter\Database\BaseBuilder->insert()
 6 SYSTEMPATH\BaseModel.php(782): CodeIgniter\Model->doInsert([...])
 7 SYSTEMPATH\Model.php(730): CodeIgniter\BaseModel->insert([...], true)
 8 APPPATH\Models\UsersModel.php(26): CodeIgniter\Model->insert([...])
 9 APPPATH\Controllers\LoginController.php(174): App\Models\UsersModel->addUser([...])
10 SYSTEMPATH\CodeIgniter.php(934): App\Controllers\LoginController->signupProcess()
11 SYSTEMPATH\CodeIgniter.php(499): CodeIgniter\CodeIgniter->runController(Object(App\Controllers\LoginController))
12 SYSTEMPATH\CodeIgniter.php(368): CodeIgniter\CodeIgniter->handleRequest(null, Object(Config\Cache), false)
13 FCPATH\index.php(71): CodeIgniter\CodeIgniter->run()
ERROR - 2023-07-09 09:12:36 --> mysqli_sql_exception: Column 'gender' cannot be null in C:\xampp\htdocs\melody\system\Database\MySQLi\Connection.php:295
Stack trace:
#0 C:\xampp\htdocs\melody\system\Database\MySQLi\Connection.php(295): mysqli->query('INSERT INTO `us...', 0)
#1 C:\xampp\htdocs\melody\system\Database\BaseConnection.php(692): CodeIgniter\Database\MySQLi\Connection->execute('INSERT INTO `us...')
#2 C:\xampp\htdocs\melody\system\Database\BaseConnection.php(606): CodeIgniter\Database\BaseConnection->simpleQuery('INSERT INTO `us...')
#3 C:\xampp\htdocs\melody\system\Database\BaseBuilder.php(2309): CodeIgniter\Database\BaseConnection->query('INSERT INTO `us...', Array, false)
#4 C:\xampp\htdocs\melody\system\Model.php(330): CodeIgniter\Database\BaseBuilder->insert()
#5 C:\xampp\htdocs\melody\system\BaseModel.php(782): CodeIgniter\Model->doInsert(Array)
#6 C:\xampp\htdocs\melody\system\Model.php(730): CodeIgniter\BaseModel->insert(Array, true)
#7 C:\xampp\htdocs\melody\app\Models\UsersModel.php(26): CodeIgniter\Model->insert(Array)
#8 C:\xampp\htdocs\melody\app\Controllers\LoginController.php(176): App\Models\UsersModel->addUser(Array)
#9 C:\xampp\htdocs\melody\system\CodeIgniter.php(934): App\Controllers\LoginController->signupProcess()
#10 C:\xampp\htdocs\melody\system\CodeIgniter.php(499): CodeIgniter\CodeIgniter->runController(Object(App\Controllers\LoginController))
#11 C:\xampp\htdocs\melody\system\CodeIgniter.php(368): CodeIgniter\CodeIgniter->handleRequest(NULL, Object(Config\Cache), false)
#12 C:\xampp\htdocs\melody\public\index.php(71): CodeIgniter\CodeIgniter->run()
#13 {main}
CRITICAL - 2023-07-09 09:12:36 --> Column 'gender' cannot be null
in SYSTEMPATH\Database\MySQLi\Connection.php on line 295.
 1 SYSTEMPATH\Database\MySQLi\Connection.php(295): mysqli->query('INSERT INTO `users` (`email`, `username`, `nickname`, `password`, `date_of_birth`, `gender`, `role_id`) VALUES (\'\', \'\', \'\', \'$2y$10$5c82soucMrlfiiPpNikOCu5jf4Xb/eeIuWtNs1BM/P.qgLrN4vSF.\', \'\', NULL, 2)', 0)
 2 SYSTEMPATH\Database\BaseConnection.php(692): CodeIgniter\Database\MySQLi\Connection->execute('INSERT INTO `users` (`email`, `username`, `nickname`, `password`, `date_of_birth`, `gender`, `role_id`) VALUES (\'\', \'\', \'\', \'$2y$10$5c82soucMrlfiiPpNikOCu5jf4Xb/eeIuWtNs1BM/P.qgLrN4vSF.\', \'\', NULL, 2)')
 3 SYSTEMPATH\Database\BaseConnection.php(606): CodeIgniter\Database\BaseConnection->simpleQuery('INSERT INTO `users` (`email`, `username`, `nickname`, `password`, `date_of_birth`, `gender`, `role_id`) VALUES (\'\', \'\', \'\', \'$2y$10$5c82soucMrlfiiPpNikOCu5jf4Xb/eeIuWtNs1BM/P.qgLrN4vSF.\', \'\', NULL, 2)')
 4 SYSTEMPATH\Database\BaseBuilder.php(2309): CodeIgniter\Database\BaseConnection->query('INSERT INTO `users` (`email`, `username`, `nickname`, `password`, `date_of_birth`, `gender`, `role_id`) VALUES (:email:, :username:, :nickname:, :password:, :date_of_birth:, :gender:, :role_id:)', [...], false)
 5 SYSTEMPATH\Model.php(330): CodeIgniter\Database\BaseBuilder->insert()
 6 SYSTEMPATH\BaseModel.php(782): CodeIgniter\Model->doInsert([...])
 7 SYSTEMPATH\Model.php(730): CodeIgniter\BaseModel->insert([...], true)
 8 APPPATH\Models\UsersModel.php(26): CodeIgniter\Model->insert([...])
 9 APPPATH\Controllers\LoginController.php(176): App\Models\UsersModel->addUser([...])
10 SYSTEMPATH\CodeIgniter.php(934): App\Controllers\LoginController->signupProcess()
11 SYSTEMPATH\CodeIgniter.php(499): CodeIgniter\CodeIgniter->runController(Object(App\Controllers\LoginController))
12 SYSTEMPATH\CodeIgniter.php(368): CodeIgniter\CodeIgniter->handleRequest(null, Object(Config\Cache), false)
13 FCPATH\index.php(71): CodeIgniter\CodeIgniter->run()
CRITICAL - 2023-07-09 10:33:26 --> Trying to access array offset on value of type null
in APPPATH\Controllers\AdminController.php on line 183.
 1 APPPATH\Controllers\AdminController.php(183): CodeIgniter\Debug\Exceptions->errorHandler(2, 'Trying to access array offset on value of type null', 'C:\\xampp\\htdocs\\melody\\app\\Controllers\\AdminController.php', 183)
 2 SYSTEMPATH\CodeIgniter.php(934): App\Controllers\AdminController->singleUser('25')
 3 SYSTEMPATH\CodeIgniter.php(499): CodeIgniter\CodeIgniter->runController(Object(App\Controllers\AdminController))
 4 SYSTEMPATH\CodeIgniter.php(368): CodeIgniter\CodeIgniter->handleRequest(null, Object(Config\Cache), false)
 5 FCPATH\index.php(71): CodeIgniter\CodeIgniter->run()
